#
# There is insufficient memory for the Java Runtime Environment to continue.
# Native memory allocation (mmap) failed to map 147849216 bytes for Failed to commit area from 0x000000008c200000 to 0x0000000094f00000 of length 147849216.
# Possible reasons:
#   The system is out of physical RAM or swap space
#   The process is running with CompressedOops enabled, and the Java Heap may be blocking the growth of the native heap
# Possible solutions:
#   Reduce memory load on the system
#   Increase physical memory or swap space
#   Check if swap backing store is full
#   Decrease Java heap size (-Xmx/-Xms)
#   Decrease number of Java threads
#   Decrease Java thread stack sizes (-Xss)
#   Set larger code cache with -XX:ReservedCodeCacheSize=
#   JVM is running with Unscaled Compressed Oops mode in which the Java heap is
#     placed in the first 4GB address space. The Java Heap base address is the
#     maximum limit for the native heap growth. Please use -XX:HeapBaseMinAddress
#     to set the Java Heap base and to place the Java Heap above 4GB virtual address.
# This output file may be truncated or incomplete.
#
#  Out of Memory Error (./src/hotspot/os/windows/os_windows.cpp:3301), pid=100572, tid=102236
#
# JRE version: OpenJDK Runtime Environment (11.0.11+9) (build 11.0.11+9-b60-7590822)
# Java VM: OpenJDK 64-Bit Server VM (11.0.11+9-b60-7590822, mixed mode, tiered, compressed oops, g1 gc, windows-amd64)
# No core dump will be written. Minidumps are not enabled by default on client versions of Windows
#

---------------  S U M M A R Y ------------

Command Line: --add-opens=java.base/java.util=ALL-UNNAMED --add-opens=java.base/java.lang=ALL-UNNAMED --add-opens=java.base/java.lang.invoke=ALL-UNNAMED --add-opens=java.base/java.util=ALL-UNNAMED --add-opens=java.prefs/java.util.prefs=ALL-UNNAMED --add-opens=java.prefs/java.util.prefs=ALL-UNNAMED --add-opens=java.base/java.nio.charset=ALL-UNNAMED --add-opens=java.base/java.net=ALL-UNNAMED --add-opens=java.base/java.util.concurrent.atomic=ALL-UNNAMED -Xmx2048m -Dfile.encoding=UTF-8 -Duser.country=US -Duser.language=en -Duser.variant org.gradle.launcher.daemon.bootstrap.GradleDaemon 7.2

Host: Intel(R) Celeron(R) N4000 CPU @ 1.10GHz, 2 cores, 3G,  Windows 10 , 64 bit Build 22598 (10.0.22598.1)
Time: Mon May  2 18:31:00 2022 South Africa Standard Time elapsed time: 3714.810599 seconds (0d 1h 1m 54s)

---------------  T H R E A D  ---------------

Current thread (0x000001e57e8ca800):  VMThread "VM Thread" [stack: 0x000000cdb0800000,0x000000cdb0900000] [id=102236]

Stack: [0x000000cdb0800000,0x000000cdb0900000]
[error occurred during error reporting (printing stack bounds), id 0xc0000005, EXCEPTION_ACCESS_VIOLATION (0xc0000005) at pc=0x000001e500000f3d]

Native frames: (J=compiled Java code, j=interpreted, Vv=VM code, C=native code)
V  [jvm.dll+0x5f214a]
V  [jvm.dll+0x726fb5]
V  [jvm.dll+0x7285cd]
V  [jvm.dll+0x728be5]
V  [jvm.dll+0x728b9b]
V  [jvm.dll+0x5f14e8]
V  [jvm.dll+0x5f1c78]
C  [ntdll.dll+0xa3bff]
C  [ntdll.dll+0x1eaa6]
C  [ntdll.dll+0xa2bee]
C  0x000001e500000f3d

VM_Operation (0x000000cdafffcf60): G1CollectForAllocation, mode: safepoint, requested by thread 0x000001e5169ad000


---------------  P R O C E S S  ---------------

Threads class SMR info:
_java_thread_list=0x000001e5105c4ea0, length=69, elements={
0x000001e57405f800, 0x000001e57e8cf000, 0x000001e57e8d8800, 0x000001e57f152800,
0x000001e57f153800, 0x000001e57f156800, 0x000001e57f158000, 0x000001e57f15a000,
0x000001e57f15b000, 0x000001e57f2c3000, 0x000001e50f61e800, 0x000001e50fb6a000,
0x000001e50f3f5800, 0x000001e50f6b8800, 0x000001e50f6b6000, 0x000001e50f6b7000,
0x000001e50fbe4000, 0x000001e50fbe6800, 0x000001e50fbea800, 0x000001e50fbec000,
0x000001e50fbe7000, 0x000001e50fbed800, 0x000001e51030b000, 0x000001e50fbe5800,
0x000001e50fbe3000, 0x000001e50fbe9800, 0x000001e50fbee800, 0x000001e510300000,
0x000001e510301000, 0x000001e5102fc000, 0x000001e5102fd000, 0x000001e5102ff800,
0x000001e510303800, 0x000001e510302800, 0x000001e510304800, 0x000001e5102fe800,
0x000001e51030a000, 0x000001e510306800, 0x000001e510305000, 0x000001e510306000,
0x000001e510307800, 0x000001e510308800, 0x000001e50fbe4800, 0x000001e50fbe8800,
0x000001e50fbe8000, 0x000001e50fbf0000, 0x000001e50fbef800, 0x000001e50fbf1000,
0x000001e50fbf1800, 0x000001e50f6b8000, 0x000001e5169a1000, 0x000001e5169a2800,
0x000001e5169a1800, 0x000001e5169a0000, 0x000001e5169a5800, 0x000001e5169a5000,
0x000001e5169a6800, 0x000001e5169a4000, 0x000001e5169a8000, 0x000001e5169a9000,
0x000001e5169a7800, 0x000001e5169a3000, 0x000001e5169a9800, 0x000001e5169ae000,
0x000001e5169aa800, 0x000001e5169ab800, 0x000001e5169ac000, 0x000001e5169ad000,
0x000001e510302000
}

Java Threads: ( => current thread )
  0x000001e57405f800 JavaThread "main" [_thread_blocked, id=101240, stack(0x000000cdb0200000,0x000000cdb0300000)]
  0x000001e57e8cf000 JavaThread "Reference Handler" daemon [_thread_blocked, id=102240, stack(0x000000cdb0900000,0x000000cdb0a00000)]
  0x000001e57e8d8800 JavaThread "Finalizer" daemon [_thread_blocked, id=102196, stack(0x000000cdb0a00000,0x000000cdb0b00000)]
  0x000001e57f152800 JavaThread "Signal Dispatcher" daemon [_thread_blocked, id=78592, stack(0x000000cdb0b00000,0x000000cdb0c00000)]
  0x000001e57f153800 JavaThread "Attach Listener" daemon [_thread_blocked, id=102108, stack(0x000000cdb0c00000,0x000000cdb0d00000)]
  0x000001e57f156800 JavaThread "Service Thread" daemon [_thread_blocked, id=102096, stack(0x000000cdb0d00000,0x000000cdb0e00000)]
  0x000001e57f158000 JavaThread "C2 CompilerThread0" daemon [_thread_blocked, id=99040, stack(0x000000cdb0e00000,0x000000cdb0f00000)]
  0x000001e57f15a000 JavaThread "C1 CompilerThread0" daemon [_thread_blocked, id=98620, stack(0x000000cdb0f00000,0x000000cdb1000000)]
  0x000001e57f15b000 JavaThread "Sweeper thread" daemon [_thread_blocked, id=98616, stack(0x000000cdb1000000,0x000000cdb1100000)]
  0x000001e57f2c3000 JavaThread "Common-Cleaner" daemon [_thread_blocked, id=69700, stack(0x000000cdb1100000,0x000000cdb1200000)]
  0x000001e50f61e800 JavaThread "Daemon health stats" [_thread_blocked, id=101864, stack(0x000000cdb1400000,0x000000cdb1500000)]
  0x000001e50fb6a000 JavaThread "Incoming local TCP Connector on port 49809" [_thread_in_native, id=78772, stack(0x000000cdb1500000,0x000000cdb1600000)]
  0x000001e50f3f5800 JavaThread "Daemon periodic checks" [_thread_blocked, id=101928, stack(0x000000cdb1600000,0x000000cdb1700000)]
  0x000001e50f6b8800 JavaThread "Cache worker for journal cache (C:\Users\Ideapad\.gradle\caches\journal-1)" [_thread_blocked, id=99544, stack(0x000000cdb1e00000,0x000000cdb1f00000)]
  0x000001e50f6b6000 JavaThread "File lock request listener" [_thread_in_native, id=101716, stack(0x000000cdb1f00000,0x000000cdb2000000)]
  0x000001e50f6b7000 JavaThread "Cache worker for file hash cache (C:\Users\Ideapad\.gradle\caches\7.2\fileHashes)" [_thread_blocked, id=90840, stack(0x000000cdb2000000,0x000000cdb2100000)]
  0x000001e50fbe4000 JavaThread "File watcher server" daemon [_thread_blocked, id=100588, stack(0x000000cdb2200000,0x000000cdb2300000)]
  0x000001e50fbe6800 JavaThread "File watcher consumer" daemon [_thread_blocked, id=102168, stack(0x000000cdb2300000,0x000000cdb2400000)]
  0x000001e50fbea800 JavaThread "Cache worker for execution history cache (C:\Users\Ideapad\.gradle\caches\7.2\executionHistory)" [_thread_blocked, id=98392, stack(0x000000cdb0100000,0x000000cdb0200000)]
  0x000001e50fbec000 JavaThread "jar transforms" [_thread_blocked, id=101176, stack(0x000000cdb2700000,0x000000cdb2800000)]
  0x000001e50fbe7000 JavaThread "Cache worker for file content cache (C:\Users\Ideapad\.gradle\caches\7.2\fileContent)" [_thread_blocked, id=100876, stack(0x000000cdb2800000,0x000000cdb2900000)]
  0x000001e50fbed800 JavaThread "jar transforms Thread 2" [_thread_blocked, id=98572, stack(0x000000cdb2900000,0x000000cdb2a00000)]
  0x000001e51030b000 JavaThread "Memory manager" [_thread_blocked, id=101312, stack(0x000000cdb1c00000,0x000000cdb1d00000)]
  0x000001e50fbe5800 JavaThread "RMI Scheduler(0)" daemon [_thread_blocked, id=105044, stack(0x000000cdb4400000,0x000000cdb4500000)]
  0x000001e50fbe3000 JavaThread "RMI GC Daemon" daemon [_thread_blocked, id=105052, stack(0x000000cdb4700000,0x000000cdb4800000)]
  0x000001e50fbe9800 JavaThread "RMI TCP Accept-0" daemon [_thread_in_native, id=105160, stack(0x000000cdb4800000,0x000000cdb4900000)]
  0x000001e50fbee800 JavaThread "RMI Reaper" [_thread_blocked, id=105164, stack(0x000000cdb4900000,0x000000cdb4a00000)]
  0x000001e510300000 JavaThread "Cache worker for Java compile cache (C:\Users\Ideapad\.gradle\caches\7.2\javaCompile)" [_thread_blocked, id=108852, stack(0x000000cdb4100000,0x000000cdb4200000)]
  0x000001e510301000 JavaThread "ForkJoinPool.commonPool-worker-3" daemon [_thread_blocked, id=92256, stack(0x000000cdb4200000,0x000000cdb4300000)]
  0x000001e5102fc000 JavaThread "Daemon Thread 4" [_thread_blocked, id=114076, stack(0x000000cdb0000000,0x000000cdb0100000)]
  0x000001e5102fd000 JavaThread "Handler for socket connection from /127.0.0.1:49809 to /127.0.0.1:50277" [_thread_in_native, id=112856, stack(0x000000cdb1700000,0x000000cdb1800000)]
  0x000001e5102ff800 JavaThread "Cancel handler" [_thread_blocked, id=114588, stack(0x000000cdb1800000,0x000000cdb1900000)]
  0x000001e510303800 JavaThread "Daemon worker Thread 4" [_thread_blocked, id=113812, stack(0x000000cdb1900000,0x000000cdb1a00000)]
  0x000001e510302800 JavaThread "Asynchronous log dispatcher for DefaultDaemonConnection: socket connection from /127.0.0.1:49809 to /127.0.0.1:50277" [_thread_blocked, id=114672, stack(0x000000cdb1a00000,0x000000cdb1b00000)]
  0x000001e510304800 JavaThread "Daemon client event forwarder" [_thread_blocked, id=113568, stack(0x000000cdb1d00000,0x000000cdb1e00000)]
  0x000001e5102fe800 JavaThread "Cache worker for file hash cache (C:\Users\Ideapad\Desktop\Apps\JetpackJourney\.gradle\7.2\fileHashes)" [_thread_blocked, id=113948, stack(0x000000cdb2100000,0x000000cdb2200000)]
  0x000001e51030a000 JavaThread "Cache worker for checksums cache (C:\Users\Ideapad\Desktop\Apps\JetpackJourney\.gradle\checksums)" [_thread_blocked, id=112312, stack(0x000000cdb2400000,0x000000cdb2500000)]
  0x000001e510306800 JavaThread "Cache worker for cache directory md-supplier (C:\Users\Ideapad\.gradle\caches\7.2\md-supplier)" [_thread_blocked, id=114028, stack(0x000000cdb2500000,0x000000cdb2600000)]
  0x000001e510305000 JavaThread "Cache worker for cache directory md-rule (C:\Users\Ideapad\.gradle\caches\7.2\md-rule)" [_thread_blocked, id=113280, stack(0x000000cdb2600000,0x000000cdb2700000)]
  0x000001e510306000 JavaThread "Cache worker for dependencies-accessors (C:\Users\Ideapad\Desktop\Apps\JetpackJourney\.gradle\7.2\dependencies-accessors)" [_thread_blocked, id=114168, stack(0x000000cdb2a00000,0x000000cdb2b00000)]
  0x000001e510307800 JavaThread "Cache worker for Build Output Cleanup Cache (C:\Users\Ideapad\Desktop\Apps\JetpackJourney\.gradle\buildOutputCleanup)" [_thread_blocked, id=114416, stack(0x000000cdb2b00000,0x000000cdb2c00000)]
  0x000001e510308800 JavaThread "Unconstrained build operations" [_thread_blocked, id=114608, stack(0x000000cdb2c00000,0x000000cdb2d00000)]
  0x000001e50fbe4800 JavaThread "Unconstrained build operations Thread 2" [_thread_blocked, id=113816, stack(0x000000cdb2d00000,0x000000cdb2e00000)]
  0x000001e50fbe8800 JavaThread "Unconstrained build operations Thread 3" [_thread_blocked, id=112960, stack(0x000000cdb2e00000,0x000000cdb2f00000)]
  0x000001e50fbe8000 JavaThread "Unconstrained build operations Thread 4" [_thread_blocked, id=107676, stack(0x000000cdb2f00000,0x000000cdb3000000)]
  0x000001e50fbf0000 JavaThread "Unconstrained build operations Thread 5" [_thread_blocked, id=113692, stack(0x000000cdb3000000,0x000000cdb3100000)]
  0x000001e50fbef800 JavaThread "Unconstrained build operations Thread 6" [_thread_blocked, id=114320, stack(0x000000cdb3100000,0x000000cdb3200000)]
  0x000001e50fbf1000 JavaThread "Unconstrained build operations Thread 7" [_thread_blocked, id=112644, stack(0x000000cdb3200000,0x000000cdb3300000)]
  0x000001e50fbf1800 JavaThread "Unconstrained build operations Thread 8" [_thread_blocked, id=114316, stack(0x000000cdb3300000,0x000000cdb3400000)]
  0x000001e50f6b8000 JavaThread "Unconstrained build operations Thread 9" [_thread_blocked, id=113564, stack(0x000000cdb3400000,0x000000cdb3500000)]
  0x000001e5169a1000 JavaThread "Unconstrained build operations Thread 10" [_thread_blocked, id=113772, stack(0x000000cdb3500000,0x000000cdb3600000)]
  0x000001e5169a2800 JavaThread "Unconstrained build operations Thread 11" [_thread_blocked, id=113796, stack(0x000000cdb3600000,0x000000cdb3700000)]
  0x000001e5169a1800 JavaThread "Unconstrained build operations Thread 12" [_thread_blocked, id=114224, stack(0x000000cdb3700000,0x000000cdb3800000)]
  0x000001e5169a0000 JavaThread "Unconstrained build operations Thread 13" [_thread_blocked, id=114132, stack(0x000000cdb3800000,0x000000cdb3900000)]
  0x000001e5169a5800 JavaThread "Unconstrained build operations Thread 14" [_thread_blocked, id=113776, stack(0x000000cdb3900000,0x000000cdb3a00000)]
  0x000001e5169a5000 JavaThread "Unconstrained build operations Thread 15" [_thread_blocked, id=113780, stack(0x000000cdb3a00000,0x000000cdb3b00000)]
  0x000001e5169a6800 JavaThread "Unconstrained build operations Thread 16" [_thread_blocked, id=113732, stack(0x000000cdb3b00000,0x000000cdb3c00000)]
  0x000001e5169a4000 JavaThread "Unconstrained build operations Thread 17" [_thread_blocked, id=114016, stack(0x000000cdb3c00000,0x000000cdb3d00000)]
  0x000001e5169a8000 JavaThread "Unconstrained build operations Thread 18" [_thread_blocked, id=113980, stack(0x000000cdb3d00000,0x000000cdb3e00000)]
  0x000001e5169a9000 JavaThread "Unconstrained build operations Thread 19" [_thread_blocked, id=113880, stack(0x000000cdb3e00000,0x000000cdb3f00000)]
  0x000001e5169a7800 JavaThread "Unconstrained build operations Thread 20" [_thread_blocked, id=114404, stack(0x000000cdb3f00000,0x000000cdb4000000)]
  0x000001e5169a3000 JavaThread "build event listener" [_thread_blocked, id=114556, stack(0x000000cdb1b00000,0x000000cdb1c00000)]
  0x000001e5169a9800 JavaThread "Execution worker for ':'" [_thread_blocked, id=114568, stack(0x000000cdb4000000,0x000000cdb4100000)]
  0x000001e5169ae000 JavaThread "Cache worker for execution history cache (C:\Users\Ideapad\Desktop\Apps\JetpackJourney\.gradle\7.2\executionHistory)" [_thread_blocked, id=114384, stack(0x000000cdb4300000,0x000000cdb4400000)]
  0x000001e5169aa800 JavaThread "RMI TCP Connection(idle)" daemon [_thread_blocked, id=115596, stack(0x000000cdb4500000,0x000000cdb4600000)]
  0x000001e5169ab800 JavaThread "Build operations" [_thread_blocked, id=114864, stack(0x000000cdb4600000,0x000000cdb4700000)]
  0x000001e5169ac000 JavaThread "Build operations Thread 2" [_thread_blocked, id=114868, stack(0x000000cdb4a00000,0x000000cdb4b00000)]
  0x000001e5169ad000 JavaThread "WorkerExecutor Queue" [_thread_blocked, id=115208, stack(0x000000cdaff00000,0x000000cdb0000000)]
  0x000001e510302000 JavaThread "WorkerExecutor Queue Thread 4" [_thread_blocked, id=112704, stack(0x000000cdb4c00000,0x000000cdb4d00000)]

Other Threads:
=>0x000001e57e8ca800 VMThread "VM Thread" [stack: 0x000000cdb0800000,0x000000cdb0900000] [id=102236]
  0x000001e57f2f6800 WatcherThread [stack: 0x000000cdb1200000,0x000000cdb1300000] [id=98632]
  0x000001e574073800 GCTaskThread "GC Thread#0" [stack: 0x000000cdb0300000,0x000000cdb0400000] [id=100924]
  0x000001e57f37a000 GCTaskThread "GC Thread#1" [stack: 0x000000cdb1300000,0x000000cdb1400000] [id=102300]
  0x000001e5740a4800 ConcurrentGCThread "G1 Main Marker" [stack: 0x000000cdb0400000,0x000000cdb0500000] [id=86976]
  0x000001e5740a5800 ConcurrentGCThread "G1 Conc#0" [stack: 0x000000cdb0500000,0x000000cdb0600000] [id=101944]
  0x000001e5740fd800 ConcurrentGCThread "G1 Refine#0" [stack: 0x000000cdb0600000,0x000000cdb0700000] [id=101960]
  0x000001e5740fe800 ConcurrentGCThread "G1 Young RemSet Sampling" [stack: 0x000000cdb0700000,0x000000cdb0800000] [id=102180]

Threads with active compile tasks:
C2 CompilerThread03718108 19958   !   4       com.sun.crypto.provider.PKCS12PBECipherCore::derive (501 bytes)

VM state:at safepoint (normal execution)

VM Mutex/Monitor currently owned by a thread:  ([mutex/lock_event])
[0x000001e57405b5b0] Threads_lock - owner thread: 0x000001e57e8ca800
[0x000001e57405c330] Heap_lock - owner thread: 0x000001e5169ad000

Heap address: 0x0000000080000000, size: 2048 MB, Compressed Oops mode: 32-bit
Narrow klass base: 0x0000000000000000, Narrow klass shift: 3
Compressed class space size: 1073741824 Address: 0x0000000100000000

Heap:
 garbage-first heap   total 343040K, used 102338K [0x0000000080000000, 0x0000000100000000)
  region size 1024K, 1 young (1024K), 1 survivors (1024K)
 Metaspace       used 115883K, capacity 118917K, committed 119420K, reserved 1153024K
  class space    used 14725K, capacity 15903K, committed 16128K, reserved 1048576K
Heap Regions: E=young(eden), S=young(survivor), O=old, HS=humongous(starts), HC=humongous(continues), CS=collection set, F=free, A=archive, TAMS=top-at-mark-start (previous, next)
|   0|0x0000000080000000, 0x0000000080100000, 0x0000000080100000|100%| O|  |TAMS 0x0000000080100000, 0x0000000080100000| Untracked 
|   1|0x0000000080100000, 0x0000000080200000, 0x0000000080200000|100%| O|  |TAMS 0x0000000080200000, 0x0000000080200000| Untracked 
|   2|0x0000000080200000, 0x0000000080300000, 0x0000000080300000|100%| O|  |TAMS 0x0000000080300000, 0x0000000080300000| Untracked 
|   3|0x0000000080300000, 0x0000000080400000, 0x0000000080400000|100%| O|  |TAMS 0x0000000080400000, 0x0000000080400000| Untracked 
|   4|0x0000000080400000, 0x0000000080500000, 0x0000000080500000|100%|HS|  |TAMS 0x0000000080500000, 0x0000000080500000| Complete 
|   5|0x0000000080500000, 0x0000000080600000, 0x0000000080600000|100%|HC|  |TAMS 0x0000000080600000, 0x0000000080600000| Complete 
|   6|0x0000000080600000, 0x0000000080700000, 0x0000000080700000|100%|HC|  |TAMS 0x0000000080700000, 0x0000000080700000| Complete 
|   7|0x0000000080700000, 0x0000000080800000, 0x0000000080800000|100%| O|  |TAMS 0x0000000080800000, 0x0000000080800000| Untracked 
|   8|0x0000000080800000, 0x0000000080900000, 0x0000000080900000|100%| O|  |TAMS 0x0000000080900000, 0x0000000080900000| Untracked 
|   9|0x0000000080900000, 0x0000000080a00000, 0x0000000080a00000|100%| O|  |TAMS 0x0000000080a00000, 0x0000000080a00000| Untracked 
|  10|0x0000000080a00000, 0x0000000080b00000, 0x0000000080b00000|100%| O|  |TAMS 0x0000000080b00000, 0x0000000080b00000| Untracked 
|  11|0x0000000080b00000, 0x0000000080c00000, 0x0000000080c00000|100%| O|  |TAMS 0x0000000080c00000, 0x0000000080c00000| Untracked 
|  12|0x0000000080c00000, 0x0000000080d00000, 0x0000000080d00000|100%| O|  |TAMS 0x0000000080d00000, 0x0000000080d00000| Untracked 
|  13|0x0000000080d00000, 0x0000000080e00000, 0x0000000080e00000|100%| O|  |TAMS 0x0000000080e00000, 0x0000000080e00000| Untracked 
|  14|0x0000000080e00000, 0x0000000080f00000, 0x0000000080f00000|100%| O|  |TAMS 0x0000000080f00000, 0x0000000080f00000| Untracked 
|  15|0x0000000080f00000, 0x0000000081000000, 0x0000000081000000|100%| O|  |TAMS 0x0000000081000000, 0x0000000081000000| Untracked 
|  16|0x0000000081000000, 0x0000000081100000, 0x0000000081100000|100%| O|  |TAMS 0x0000000081100000, 0x0000000081100000| Untracked 
|  17|0x0000000081100000, 0x0000000081200000, 0x0000000081200000|100%| O|  |TAMS 0x0000000081200000, 0x0000000081200000| Untracked 
|  18|0x0000000081200000, 0x0000000081300000, 0x0000000081300000|100%| O|  |TAMS 0x0000000081300000, 0x0000000081300000| Untracked 
|  19|0x0000000081300000, 0x0000000081400000, 0x0000000081400000|100%| O|  |TAMS 0x0000000081400000, 0x0000000081400000| Untracked 
|  20|0x0000000081400000, 0x0000000081500000, 0x0000000081500000|100%| O|  |TAMS 0x0000000081500000, 0x0000000081500000| Untracked 
|  21|0x0000000081500000, 0x0000000081600000, 0x0000000081600000|100%| O|  |TAMS 0x0000000081600000, 0x0000000081600000| Untracked 
|  22|0x0000000081600000, 0x0000000081700000, 0x0000000081700000|100%| O|  |TAMS 0x0000000081700000, 0x0000000081700000| Untracked 
|  23|0x0000000081700000, 0x0000000081800000, 0x0000000081800000|100%| O|  |TAMS 0x0000000081800000, 0x0000000081800000| Untracked 
|  24|0x0000000081800000, 0x0000000081900000, 0x0000000081900000|100%| O|  |TAMS 0x0000000081900000, 0x0000000081900000| Untracked 
|  25|0x0000000081900000, 0x0000000081a00000, 0x0000000081a00000|100%| O|  |TAMS 0x0000000081a00000, 0x0000000081a00000| Untracked 
|  26|0x0000000081a00000, 0x0000000081b00000, 0x0000000081b00000|100%| O|  |TAMS 0x0000000081b00000, 0x0000000081b00000| Untracked 
|  27|0x0000000081b00000, 0x0000000081c00000, 0x0000000081c00000|100%| O|  |TAMS 0x0000000081c00000, 0x0000000081c00000| Untracked 
|  28|0x0000000081c00000, 0x0000000081d00000, 0x0000000081d00000|100%| O|  |TAMS 0x0000000081d00000, 0x0000000081d00000| Untracked 
|  29|0x0000000081d00000, 0x0000000081e00000, 0x0000000081e00000|100%| O|  |TAMS 0x0000000081e00000, 0x0000000081e00000| Untracked 
|  30|0x0000000081e00000, 0x0000000081f00000, 0x0000000081f00000|100%| O|  |TAMS 0x0000000081f00000, 0x0000000081f00000| Untracked 
|  31|0x0000000081f00000, 0x0000000082000000, 0x0000000082000000|100%|HS|  |TAMS 0x0000000082000000, 0x0000000082000000| Complete 
|  32|0x0000000082000000, 0x0000000082100000, 0x0000000082100000|100%|HS|  |TAMS 0x0000000082100000, 0x0000000082100000| Complete 
|  33|0x0000000082100000, 0x0000000082200000, 0x0000000082200000|100%| O|  |TAMS 0x0000000082200000, 0x0000000082200000| Untracked 
|  34|0x0000000082200000, 0x0000000082300000, 0x0000000082300000|100%|HS|  |TAMS 0x0000000082300000, 0x0000000082300000| Complete 
|  35|0x0000000082300000, 0x0000000082400000, 0x0000000082400000|100%|HS|  |TAMS 0x0000000082400000, 0x0000000082400000| Complete 
|  36|0x0000000082400000, 0x0000000082500000, 0x0000000082500000|100%| O|  |TAMS 0x0000000082500000, 0x0000000082500000| Untracked 
|  37|0x0000000082500000, 0x0000000082600000, 0x0000000082600000|100%| O|  |TAMS 0x0000000082600000, 0x0000000082600000| Untracked 
|  38|0x0000000082600000, 0x0000000082700000, 0x0000000082700000|100%|HS|  |TAMS 0x0000000082700000, 0x0000000082700000| Complete 
|  39|0x0000000082700000, 0x0000000082800000, 0x0000000082800000|100%|HC|  |TAMS 0x0000000082800000, 0x0000000082800000| Complete 
|  40|0x0000000082800000, 0x0000000082900000, 0x0000000082900000|100%|HC|  |TAMS 0x0000000082900000, 0x0000000082900000| Complete 
|  41|0x0000000082900000, 0x0000000082a00000, 0x0000000082a00000|100%| O|  |TAMS 0x0000000082a00000, 0x0000000082a00000| Untracked 
|  42|0x0000000082a00000, 0x0000000082b00000, 0x0000000082b00000|100%| O|  |TAMS 0x0000000082b00000, 0x0000000082b00000| Untracked 
|  43|0x0000000082b00000, 0x0000000082c00000, 0x0000000082c00000|100%| O|  |TAMS 0x0000000082c00000, 0x0000000082c00000| Untracked 
|  44|0x0000000082c00000, 0x0000000082d00000, 0x0000000082d00000|100%|HS|  |TAMS 0x0000000082d00000, 0x0000000082d00000| Complete 
|  45|0x0000000082d00000, 0x0000000082e00000, 0x0000000082e00000|100%|HC|  |TAMS 0x0000000082e00000, 0x0000000082e00000| Complete 
|  46|0x0000000082e00000, 0x0000000082f00000, 0x0000000082f00000|100%| O|  |TAMS 0x0000000082f00000, 0x0000000082f00000| Untracked 
|  47|0x0000000082f00000, 0x0000000083000000, 0x0000000083000000|100%| O|  |TAMS 0x0000000083000000, 0x0000000083000000| Untracked 
|  48|0x0000000083000000, 0x0000000083100000, 0x0000000083100000|100%| O|  |TAMS 0x0000000083100000, 0x0000000083100000| Untracked 
|  49|0x0000000083100000, 0x0000000083200000, 0x0000000083200000|100%| O|  |TAMS 0x0000000083200000, 0x0000000083200000| Untracked 
|  50|0x0000000083200000, 0x0000000083300000, 0x0000000083300000|100%| O|  |TAMS 0x0000000083300000, 0x0000000083300000| Untracked 
|  51|0x0000000083300000, 0x0000000083400000, 0x0000000083400000|100%| O|  |TAMS 0x0000000083400000, 0x0000000083400000| Untracked 
|  52|0x0000000083400000, 0x0000000083500000, 0x0000000083500000|100%| O|  |TAMS 0x0000000083500000, 0x0000000083500000| Untracked 
|  53|0x0000000083500000, 0x0000000083600000, 0x0000000083600000|100%| O|  |TAMS 0x0000000083600000, 0x0000000083600000| Untracked 
|  54|0x0000000083600000, 0x0000000083700000, 0x0000000083700000|100%| O|  |TAMS 0x0000000083700000, 0x0000000083700000| Untracked 
|  55|0x0000000083700000, 0x0000000083800000, 0x0000000083800000|100%| O|  |TAMS 0x0000000083800000, 0x0000000083800000| Untracked 
|  56|0x0000000083800000, 0x0000000083900000, 0x0000000083900000|100%| O|  |TAMS 0x0000000083900000, 0x0000000083900000| Untracked 
|  57|0x0000000083900000, 0x0000000083a00000, 0x0000000083a00000|100%| O|  |TAMS 0x0000000083a00000, 0x0000000083a00000| Untracked 
|  58|0x0000000083a00000, 0x0000000083b00000, 0x0000000083b00000|100%| O|  |TAMS 0x0000000083b00000, 0x0000000083b00000| Untracked 
|  59|0x0000000083b00000, 0x0000000083c00000, 0x0000000083c00000|100%| O|  |TAMS 0x0000000083c00000, 0x0000000083c00000| Untracked 
|  60|0x0000000083c00000, 0x0000000083d00000, 0x0000000083d00000|100%| O|  |TAMS 0x0000000083d00000, 0x0000000083d00000| Untracked 
|  61|0x0000000083d00000, 0x0000000083e00000, 0x0000000083e00000|100%| O|  |TAMS 0x0000000083e00000, 0x0000000083e00000| Untracked 
|  62|0x0000000083e00000, 0x0000000083f00000, 0x0000000083f00000|100%| O|  |TAMS 0x0000000083f00000, 0x0000000083f00000| Untracked 
|  63|0x0000000083f00000, 0x0000000084000000, 0x0000000084000000|100%| O|  |TAMS 0x0000000084000000, 0x0000000084000000| Untracked 
|  64|0x0000000084000000, 0x0000000084100000, 0x0000000084100000|100%| O|  |TAMS 0x0000000084100000, 0x0000000084100000| Untracked 
|  65|0x0000000084100000, 0x0000000084200000, 0x0000000084200000|100%| O|  |TAMS 0x0000000084200000, 0x0000000084200000| Untracked 
|  66|0x0000000084200000, 0x0000000084300000, 0x0000000084300000|100%| O|  |TAMS 0x0000000084300000, 0x0000000084300000| Untracked 
|  67|0x0000000084300000, 0x0000000084400000, 0x0000000084400000|100%| O|  |TAMS 0x0000000084400000, 0x0000000084400000| Untracked 
|  68|0x0000000084400000, 0x0000000084500000, 0x0000000084500000|100%| O|  |TAMS 0x0000000084500000, 0x0000000084500000| Untracked 
|  69|0x0000000084500000, 0x0000000084600000, 0x0000000084600000|100%| O|  |TAMS 0x0000000084600000, 0x0000000084600000| Untracked 
|  70|0x0000000084600000, 0x0000000084700000, 0x0000000084700000|100%| O|  |TAMS 0x0000000084700000, 0x0000000084700000| Untracked 
|  71|0x0000000084700000, 0x0000000084700000, 0x0000000084800000|  0%| F|  |TAMS 0x0000000084700000, 0x0000000084700000| Untracked 
|  72|0x0000000084800000, 0x0000000084900000, 0x0000000084900000|100%| O|  |TAMS 0x0000000084900000, 0x0000000084900000| Untracked 
|  73|0x0000000084900000, 0x0000000084a00000, 0x0000000084a00000|100%| O|  |TAMS 0x0000000084a00000, 0x0000000084a00000| Untracked 
|  74|0x0000000084a00000, 0x0000000084b00000, 0x0000000084b00000|100%| O|  |TAMS 0x0000000084b00000, 0x0000000084b00000| Untracked 
|  75|0x0000000084b00000, 0x0000000084c00000, 0x0000000084c00000|100%| O|  |TAMS 0x0000000084c00000, 0x0000000084c00000| Untracked 
|  76|0x0000000084c00000, 0x0000000084d00000, 0x0000000084d00000|100%| O|  |TAMS 0x0000000084d00000, 0x0000000084d00000| Untracked 
|  77|0x0000000084d00000, 0x0000000084e00000, 0x0000000084e00000|100%| O|  |TAMS 0x0000000084e00000, 0x0000000084e00000| Untracked 
|  78|0x0000000084e00000, 0x0000000084f00000, 0x0000000084f00000|100%| O|  |TAMS 0x0000000084f00000, 0x0000000084f00000| Untracked 
|  79|0x0000000084f00000, 0x0000000085000000, 0x0000000085000000|100%| O|  |TAMS 0x0000000085000000, 0x0000000085000000| Untracked 
|  80|0x0000000085000000, 0x0000000085100000, 0x0000000085100000|100%| O|  |TAMS 0x0000000085100000, 0x0000000085100000| Untracked 
|  81|0x0000000085100000, 0x0000000085200000, 0x0000000085200000|100%| O|  |TAMS 0x0000000085200000, 0x0000000085200000| Untracked 
|  82|0x0000000085200000, 0x0000000085300000, 0x0000000085300000|100%| O|  |TAMS 0x0000000085300000, 0x0000000085300000| Untracked 
|  83|0x0000000085300000, 0x0000000085300000, 0x0000000085400000|  0%| F|  |TAMS 0x0000000085300000, 0x0000000085300000| Untracked 
|  84|0x0000000085400000, 0x0000000085400000, 0x0000000085500000|  0%| F|  |TAMS 0x0000000085400000, 0x0000000085400000| Untracked 
|  85|0x0000000085500000, 0x0000000085600000, 0x0000000085600000|100%| O|  |TAMS 0x0000000085600000, 0x0000000085600000| Untracked 
|  86|0x0000000085600000, 0x0000000085600000, 0x0000000085700000|  0%| F|  |TAMS 0x0000000085600000, 0x0000000085600000| Untracked 
|  87|0x0000000085700000, 0x0000000085800000, 0x0000000085800000|100%| O|  |TAMS 0x0000000085800000, 0x0000000085800000| Untracked 
|  88|0x0000000085800000, 0x0000000085900000, 0x0000000085900000|100%| O|  |TAMS 0x0000000085900000, 0x0000000085900000| Untracked 
|  89|0x0000000085900000, 0x0000000085a00000, 0x0000000085a00000|100%| O|  |TAMS 0x0000000085a00000, 0x0000000085a00000| Untracked 
|  90|0x0000000085a00000, 0x0000000085b00000, 0x0000000085b00000|100%| O|  |TAMS 0x0000000085b00000, 0x0000000085b00000| Untracked 
|  91|0x0000000085b00000, 0x0000000085c00000, 0x0000000085c00000|100%| O|  |TAMS 0x0000000085b00000, 0x0000000085c00000| Untracked 
|  92|0x0000000085c00000, 0x0000000085d00000, 0x0000000085d00000|100%| O|  |TAMS 0x0000000085d00000, 0x0000000085d00000| Untracked 
|  93|0x0000000085d00000, 0x0000000085e00000, 0x0000000085e00000|100%| O|  |TAMS 0x0000000085e00000, 0x0000000085e00000| Untracked 
|  94|0x0000000085e00000, 0x0000000085f00000, 0x0000000085f00000|100%| O|  |TAMS 0x0000000085f00000, 0x0000000085f00000| Untracked 
|  95|0x0000000085f00000, 0x0000000086000000, 0x0000000086000000|100%| O|  |TAMS 0x0000000086000000, 0x0000000086000000| Untracked 
|  96|0x0000000086000000, 0x0000000086003800, 0x0000000086100000|  1%| O|  |TAMS 0x0000000086000000, 0x0000000086003800| Untracked 
|  97|0x0000000086100000, 0x0000000086100000, 0x0000000086200000|  0%| F|  |TAMS 0x0000000086100000, 0x0000000086100000| Untracked 
|  98|0x0000000086200000, 0x0000000086300000, 0x0000000086300000|100%| O|  |TAMS 0x0000000086300000, 0x0000000086300000| Untracked 
|  99|0x0000000086300000, 0x0000000086400000, 0x0000000086400000|100%| O|  |TAMS 0x0000000086400000, 0x0000000086400000| Untracked 
| 100|0x0000000086400000, 0x0000000086500000, 0x0000000086500000|100%| O|  |TAMS 0x0000000086500000, 0x0000000086500000| Untracked 
| 101|0x0000000086500000, 0x0000000086600000, 0x0000000086600000|100%| O|  |TAMS 0x0000000086600000, 0x0000000086600000| Untracked 
| 102|0x0000000086600000, 0x0000000086700000, 0x0000000086700000|100%| O|  |TAMS 0x0000000086700000, 0x0000000086700000| Untracked 
| 103|0x0000000086700000, 0x0000000086800000, 0x0000000086800000|100%| O|  |TAMS 0x00000000867bf600, 0x0000000086800000| Untracked 
| 104|0x0000000086800000, 0x0000000086900000, 0x0000000086900000|100%| O|  |TAMS 0x0000000086900000, 0x0000000086900000| Untracked 
| 105|0x0000000086900000, 0x0000000086900000, 0x0000000086a00000|  0%| F|  |TAMS 0x0000000086900000, 0x0000000086900000| Untracked 
| 106|0x0000000086a00000, 0x0000000086a00000, 0x0000000086b00000|  0%| F|  |TAMS 0x0000000086a00000, 0x0000000086a00000| Untracked 
| 107|0x0000000086b00000, 0x0000000086b00000, 0x0000000086c00000|  0%| F|  |TAMS 0x0000000086b00000, 0x0000000086b00000| Untracked 
| 108|0x0000000086c00000, 0x0000000086c00000, 0x0000000086d00000|  0%| F|  |TAMS 0x0000000086c00000, 0x0000000086c00000| Untracked 
| 109|0x0000000086d00000, 0x0000000086d00000, 0x0000000086e00000|  0%| F|  |TAMS 0x0000000086d00000, 0x0000000086d00000| Untracked 
| 110|0x0000000086e00000, 0x0000000086e00000, 0x0000000086f00000|  0%| F|  |TAMS 0x0000000086e00000, 0x0000000086e00000| Untracked 
| 111|0x0000000086f00000, 0x0000000086f00000, 0x0000000087000000|  0%| F|  |TAMS 0x0000000086f00000, 0x0000000086f00000| Untracked 
| 112|0x0000000087000000, 0x0000000087000000, 0x0000000087100000|  0%| F|  |TAMS 0x0000000087000000, 0x0000000087000000| Untracked 
| 113|0x0000000087100000, 0x0000000087100000, 0x0000000087200000|  0%| F|  |TAMS 0x0000000087100000, 0x0000000087100000| Untracked 
| 114|0x0000000087200000, 0x0000000087200000, 0x0000000087300000|  0%| F|  |TAMS 0x0000000087200000, 0x0000000087200000| Untracked 
| 115|0x0000000087300000, 0x0000000087300000, 0x0000000087400000|  0%| F|  |TAMS 0x0000000087300000, 0x0000000087300000| Untracked 
| 116|0x0000000087400000, 0x0000000087400000, 0x0000000087500000|  0%| F|  |TAMS 0x0000000087400000, 0x0000000087400000| Untracked 
| 117|0x0000000087500000, 0x0000000087500000, 0x0000000087600000|  0%| F|  |TAMS 0x0000000087500000, 0x0000000087500000| Untracked 
| 118|0x0000000087600000, 0x0000000087600000, 0x0000000087700000|  0%| F|  |TAMS 0x0000000087600000, 0x0000000087600000| Untracked 
| 119|0x0000000087700000, 0x0000000087700000, 0x0000000087800000|  0%| F|  |TAMS 0x0000000087700000, 0x0000000087700000| Untracked 
| 120|0x0000000087800000, 0x0000000087800000, 0x0000000087900000|  0%| F|  |TAMS 0x0000000087800000, 0x0000000087800000| Untracked 
| 121|0x0000000087900000, 0x0000000087900000, 0x0000000087a00000|  0%| F|  |TAMS 0x0000000087900000, 0x0000000087900000| Untracked 
| 122|0x0000000087a00000, 0x0000000087a00000, 0x0000000087b00000|  0%| F|  |TAMS 0x0000000087a00000, 0x0000000087a00000| Untracked 
| 123|0x0000000087b00000, 0x0000000087b00000, 0x0000000087c00000|  0%| F|  |TAMS 0x0000000087b00000, 0x0000000087b00000| Untracked 
| 124|0x0000000087c00000, 0x0000000087c00000, 0x0000000087d00000|  0%| F|  |TAMS 0x0000000087c00000, 0x0000000087c00000| Untracked 
| 125|0x0000000087d00000, 0x0000000087d00000, 0x0000000087e00000|  0%| F|  |TAMS 0x0000000087d00000, 0x0000000087d00000| Untracked 
| 126|0x0000000087e00000, 0x0000000087e00000, 0x0000000087f00000|  0%| F|  |TAMS 0x0000000087e00000, 0x0000000087e00000| Untracked 
| 127|0x0000000087f00000, 0x0000000087f00000, 0x0000000088000000|  0%| F|  |TAMS 0x0000000087f00000, 0x0000000087f00000| Untracked 
| 128|0x0000000088000000, 0x0000000088000000, 0x0000000088100000|  0%| F|  |TAMS 0x0000000088000000, 0x0000000088000000| Untracked 
| 129|0x0000000088100000, 0x0000000088100000, 0x0000000088200000|  0%| F|  |TAMS 0x0000000088100000, 0x0000000088100000| Untracked 
| 130|0x0000000088200000, 0x0000000088200000, 0x0000000088300000|  0%| F|  |TAMS 0x0000000088200000, 0x0000000088200000| Untracked 
| 131|0x0000000088300000, 0x0000000088300000, 0x0000000088400000|  0%| F|  |TAMS 0x0000000088300000, 0x0000000088300000| Untracked 
| 132|0x0000000088400000, 0x0000000088400000, 0x0000000088500000|  0%| F|  |TAMS 0x0000000088400000, 0x0000000088400000| Untracked 
| 133|0x0000000088500000, 0x0000000088500000, 0x0000000088600000|  0%| F|  |TAMS 0x0000000088500000, 0x0000000088500000| Untracked 
| 134|0x0000000088600000, 0x0000000088600000, 0x0000000088700000|  0%| F|  |TAMS 0x0000000088600000, 0x0000000088600000| Untracked 
| 135|0x0000000088700000, 0x0000000088700000, 0x0000000088800000|  0%| F|  |TAMS 0x0000000088700000, 0x0000000088700000| Untracked 
| 136|0x0000000088800000, 0x0000000088800000, 0x0000000088900000|  0%| F|  |TAMS 0x0000000088800000, 0x0000000088800000| Untracked 
| 137|0x0000000088900000, 0x0000000088900000, 0x0000000088a00000|  0%| F|  |TAMS 0x0000000088900000, 0x0000000088900000| Untracked 
| 138|0x0000000088a00000, 0x0000000088a00000, 0x0000000088b00000|  0%| F|  |TAMS 0x0000000088a00000, 0x0000000088a00000| Untracked 
| 139|0x0000000088b00000, 0x0000000088b00000, 0x0000000088c00000|  0%| F|  |TAMS 0x0000000088b00000, 0x0000000088b00000| Untracked 
| 140|0x0000000088c00000, 0x0000000088c00000, 0x0000000088d00000|  0%| F|  |TAMS 0x0000000088c00000, 0x0000000088c00000| Untracked 
| 141|0x0000000088d00000, 0x0000000088d00000, 0x0000000088e00000|  0%| F|  |TAMS 0x0000000088d00000, 0x0000000088d00000| Untracked 
| 142|0x0000000088e00000, 0x0000000088e00000, 0x0000000088f00000|  0%| F|  |TAMS 0x0000000088e00000, 0x0000000088e00000| Untracked 
| 143|0x0000000088f00000, 0x0000000088f00000, 0x0000000089000000|  0%| F|  |TAMS 0x0000000088f00000, 0x0000000088f00000| Untracked 
| 144|0x0000000089000000, 0x0000000089000000, 0x0000000089100000|  0%| F|  |TAMS 0x0000000089000000, 0x0000000089000000| Untracked 
| 145|0x0000000089100000, 0x0000000089100000, 0x0000000089200000|  0%| F|  |TAMS 0x0000000089100000, 0x0000000089100000| Untracked 
| 146|0x0000000089200000, 0x0000000089200000, 0x0000000089300000|  0%| F|  |TAMS 0x0000000089200000, 0x0000000089200000| Untracked 
| 147|0x0000000089300000, 0x0000000089300000, 0x0000000089400000|  0%| F|  |TAMS 0x0000000089300000, 0x0000000089300000| Untracked 
| 148|0x0000000089400000, 0x0000000089400000, 0x0000000089500000|  0%| F|  |TAMS 0x0000000089400000, 0x0000000089400000| Untracked 
| 149|0x0000000089500000, 0x0000000089500000, 0x0000000089600000|  0%| F|  |TAMS 0x0000000089500000, 0x0000000089500000| Untracked 
| 150|0x0000000089600000, 0x0000000089600000, 0x0000000089700000|  0%| F|  |TAMS 0x0000000089600000, 0x0000000089600000| Untracked 
| 151|0x0000000089700000, 0x0000000089700000, 0x0000000089800000|  0%| F|  |TAMS 0x0000000089700000, 0x0000000089700000| Untracked 
| 152|0x0000000089800000, 0x0000000089800000, 0x0000000089900000|  0%| F|  |TAMS 0x0000000089800000, 0x0000000089800000| Untracked 
| 153|0x0000000089900000, 0x0000000089900000, 0x0000000089a00000|  0%| F|  |TAMS 0x0000000089900000, 0x0000000089900000| Untracked 
| 154|0x0000000089a00000, 0x0000000089a00000, 0x0000000089b00000|  0%| F|  |TAMS 0x0000000089a00000, 0x0000000089a00000| Untracked 
| 155|0x0000000089b00000, 0x0000000089b00000, 0x0000000089c00000|  0%| F|  |TAMS 0x0000000089b00000, 0x0000000089b00000| Untracked 
| 156|0x0000000089c00000, 0x0000000089c00000, 0x0000000089d00000|  0%| F|  |TAMS 0x0000000089c00000, 0x0000000089c00000| Untracked 
| 157|0x0000000089d00000, 0x0000000089d00000, 0x0000000089e00000|  0%| F|  |TAMS 0x0000000089d00000, 0x0000000089d00000| Untracked 
| 158|0x0000000089e00000, 0x0000000089e00000, 0x0000000089f00000|  0%| F|  |TAMS 0x0000000089e00000, 0x0000000089e00000| Untracked 
| 159|0x0000000089f00000, 0x0000000089f00000, 0x000000008a000000|  0%| F|  |TAMS 0x0000000089f00000, 0x0000000089f00000| Untracked 
| 160|0x000000008a000000, 0x000000008a0ed268, 0x000000008a100000| 92%| S|CS|TAMS 0x000000008a000000, 0x000000008a000000| Complete 
| 161|0x000000008a100000, 0x000000008a100000, 0x000000008a200000|  0%| F|  |TAMS 0x000000008a100000, 0x000000008a100000| Untracked 
| 162|0x000000008a200000, 0x000000008a200000, 0x000000008a300000|  0%| F|  |TAMS 0x000000008a200000, 0x000000008a200000| Untracked 
| 163|0x000000008a300000, 0x000000008a300000, 0x000000008a400000|  0%| F|  |TAMS 0x000000008a300000, 0x000000008a300000| Untracked 
| 164|0x000000008a400000, 0x000000008a400000, 0x000000008a500000|  0%| F|  |TAMS 0x000000008a400000, 0x000000008a400000| Untracked 
| 165|0x000000008a500000, 0x000000008a500000, 0x000000008a600000|  0%| F|  |TAMS 0x000000008a500000, 0x000000008a500000| Untracked 
| 166|0x000000008a600000, 0x000000008a600000, 0x000000008a700000|  0%| F|  |TAMS 0x000000008a600000, 0x000000008a600000| Untracked 
| 167|0x000000008a700000, 0x000000008a700000, 0x000000008a800000|  0%| F|  |TAMS 0x000000008a700000, 0x000000008a700000| Untracked 
| 168|0x000000008a800000, 0x000000008a800000, 0x000000008a900000|  0%| F|  |TAMS 0x000000008a800000, 0x000000008a800000| Untracked 
| 169|0x000000008a900000, 0x000000008a900000, 0x000000008aa00000|  0%| F|  |TAMS 0x000000008a900000, 0x000000008a900000| Untracked 
| 170|0x000000008aa00000, 0x000000008aa00000, 0x000000008ab00000|  0%| F|  |TAMS 0x000000008aa00000, 0x000000008aa00000| Untracked 
| 171|0x000000008ab00000, 0x000000008ab00000, 0x000000008ac00000|  0%| F|  |TAMS 0x000000008ab00000, 0x000000008ab00000| Untracked 
| 172|0x000000008ac00000, 0x000000008ac00000, 0x000000008ad00000|  0%| F|  |TAMS 0x000000008ac00000, 0x000000008ac00000| Untracked 
| 173|0x000000008ad00000, 0x000000008ad00000, 0x000000008ae00000|  0%| F|  |TAMS 0x000000008ad00000, 0x000000008ad00000| Untracked 
| 174|0x000000008ae00000, 0x000000008ae00000, 0x000000008af00000|  0%| F|  |TAMS 0x000000008ae00000, 0x000000008ae00000| Untracked 
| 175|0x000000008af00000, 0x000000008af00000, 0x000000008b000000|  0%| F|  |TAMS 0x000000008af00000, 0x000000008af00000| Untracked 
| 176|0x000000008b000000, 0x000000008b000000, 0x000000008b100000|  0%| F|  |TAMS 0x000000008b000000, 0x000000008b000000| Untracked 
| 177|0x000000008b100000, 0x000000008b100000, 0x000000008b200000|  0%| F|  |TAMS 0x000000008b100000, 0x000000008b100000| Untracked 
| 178|0x000000008b200000, 0x000000008b200000, 0x000000008b300000|  0%| F|  |TAMS 0x000000008b200000, 0x000000008b200000| Untracked 
| 179|0x000000008b300000, 0x000000008b300000, 0x000000008b400000|  0%| F|  |TAMS 0x000000008b300000, 0x000000008b300000| Untracked 
| 180|0x000000008b400000, 0x000000008b400000, 0x000000008b500000|  0%| F|  |TAMS 0x000000008b400000, 0x000000008b400000| Untracked 
| 181|0x000000008b500000, 0x000000008b500000, 0x000000008b600000|  0%| F|  |TAMS 0x000000008b500000, 0x000000008b500000| Untracked 
| 182|0x000000008b600000, 0x000000008b600000, 0x000000008b700000|  0%| F|  |TAMS 0x000000008b600000, 0x000000008b600000| Untracked 
| 183|0x000000008b700000, 0x000000008b700000, 0x000000008b800000|  0%| F|  |TAMS 0x000000008b700000, 0x000000008b700000| Untracked 
| 184|0x000000008b800000, 0x000000008b800000, 0x000000008b900000|  0%| F|  |TAMS 0x000000008b800000, 0x000000008b800000| Untracked 
| 185|0x000000008b900000, 0x000000008b900000, 0x000000008ba00000|  0%| F|  |TAMS 0x000000008b900000, 0x000000008b900000| Untracked 
| 186|0x000000008ba00000, 0x000000008ba00000, 0x000000008bb00000|  0%| F|  |TAMS 0x000000008ba00000, 0x000000008ba00000| Untracked 
| 187|0x000000008bb00000, 0x000000008bb00000, 0x000000008bc00000|  0%| F|  |TAMS 0x000000008bb00000, 0x000000008bb00000| Untracked 
| 188|0x000000008bc00000, 0x000000008bc00000, 0x000000008bd00000|  0%| F|  |TAMS 0x000000008bc00000, 0x000000008bc00000| Untracked 
| 189|0x000000008bd00000, 0x000000008bd00000, 0x000000008be00000|  0%| F|  |TAMS 0x000000008bd00000, 0x000000008bd00000| Untracked 
| 190|0x000000008be00000, 0x000000008be00000, 0x000000008bf00000|  0%| F|  |TAMS 0x000000008be00000, 0x000000008be00000| Untracked 
| 191|0x000000008bf00000, 0x000000008bf00000, 0x000000008c000000|  0%| F|  |TAMS 0x000000008bf00000, 0x000000008bf00000| Untracked 
| 192|0x000000008c000000, 0x000000008c000000, 0x000000008c100000|  0%| F|  |TAMS 0x000000008c000000, 0x000000008c000000| Untracked 
| 193|0x000000008c100000, 0x000000008c100000, 0x000000008c200000|  0%| F|  |TAMS 0x000000008c100000, 0x000000008c100000| Untracked 

Card table byte_map: [0x000001e577f50000,0x000001e578350000] _byte_map_base: 0x000001e577b50000

Marking Bits (Prev, Next): (CMBitMap*) 0x000001e57409b810, (CMBitMap*) 0x000001e57409b7d8
 Prev Bits: [0x000001e57a750000, 0x000001e57c750000)
 Next Bits: [0x000001e578750000, 0x000001e57a750000)

Polling page: 0x000001e571fd0000

Metaspace:

Usage:
  Non-class:    100.60 MB capacity,    98.79 MB ( 98%) used,     1.43 MB (  1%) free+waste,   393.94 KB ( <1%) overhead. 
      Class:     15.53 MB capacity,    14.38 MB ( 93%) used,  1006.59 KB (  6%) free+waste,   170.44 KB (  1%) overhead. 
       Both:    116.13 MB capacity,   113.17 MB ( 97%) used,     2.41 MB (  2%) free+waste,   564.38 KB ( <1%) overhead. 

Virtual space:
  Non-class space:      102.00 MB reserved,     100.87 MB ( 99%) committed 
      Class space:        1.00 GB reserved,      15.75 MB (  2%) committed 
             Both:        1.10 GB reserved,     116.62 MB ( 10%) committed 

Chunk freelists:
   Non-Class:  150.00 KB
       Class:  161.00 KB
        Both:  311.00 KB

MaxMetaspaceSize: 17179869184.00 GB
CompressedClassSpaceSize: 1.00 GB

CodeHeap 'non-profiled nmethods': size=120064Kb used=12864Kb max_used=12864Kb free=107199Kb
 bounds [0x000001e507ac0000, 0x000001e508760000, 0x000001e50f000000]
CodeHeap 'profiled nmethods': size=120000Kb used=45068Kb max_used=45068Kb free=74931Kb
 bounds [0x000001e500590000, 0x000001e5031a0000, 0x000001e507ac0000]
CodeHeap 'non-nmethods': size=5696Kb used=2351Kb max_used=2407Kb free=3344Kb
 bounds [0x000001e500000000, 0x000001e500270000, 0x000001e500590000]
 total_blobs=19862 nmethods=18870 adapters=902
 compilation: enabled
              stopped_count=0, restarted_count=0
 full_count=0

Compilation events (20 events):
Event: 3711.923 Thread 0x000001e57f15a000 19948       3       com.google.common.collect.Maps$3::transform (15 bytes)
Event: 3711.924 Thread 0x000001e57f158000 nmethod 19949 0x000001e508751d10 code [0x000001e508751ea0, 0x000001e508751f18]
Event: 3711.924 Thread 0x000001e57f15a000 nmethod 19948 0x000001e503198d90 code [0x000001e503198f80, 0x000001e5031993e8]
Event: 3711.977 Thread 0x000001e57f15a000 19950       3       com.google.common.base.Objects::equal (23 bytes)
Event: 3711.978 Thread 0x000001e57f15a000 nmethod 19950 0x000001e503199590 code [0x000001e503199760, 0x000001e5031999c8]
Event: 3711.983 Thread 0x000001e57f15a000 19951       3       com.sun.org.apache.xerces.internal.utils.XMLSecurityManager$NameMap::values (10 bytes)
Event: 3711.989 Thread 0x000001e57f15a000 nmethod 19951 0x000001e503199a90 code [0x000001e503199c60, 0x000001e503199ee8]
Event: 3711.989 Thread 0x000001e57f15a000 19952       3       com.sun.org.apache.xerces.internal.impl.XMLEntityManager::getPropertyDefault (36 bytes)
Event: 3711.990 Thread 0x000001e57f15a000 nmethod 19952 0x000001e503199f90 code [0x000001e50319a160, 0x000001e50319a408]
Event: 3711.990 Thread 0x000001e57f15a000 19953       3       com.sun.org.apache.xerces.internal.util.ParserConfigurationSettings::checkProperty (51 bytes)
Event: 3711.992 Thread 0x000001e57f15a000 nmethod 19953 0x000001e50319a590 code [0x000001e50319a780, 0x000001e50319abb8]
Event: 3711.992 Thread 0x000001e57f15a000 19954       3       com.sun.org.apache.xerces.internal.impl.XMLEntityScanner::load (200 bytes)
Event: 3711.995 Thread 0x000001e57f15a000 nmethod 19954 0x000001e50319ad10 code [0x000001e50319af20, 0x000001e50319b478]
Event: 3712.143 Thread 0x000001e57f15a000 19955       3       sun.security.util.DerOutputStream::<init> (5 bytes)
Event: 3712.143 Thread 0x000001e57f15a000 nmethod 19955 0x000001e50319b690 code [0x000001e50319b860, 0x000001e50319b9e8]
Event: 3712.144 Thread 0x000001e57f15a000 19956       3       sun.security.util.DerInputStream::getDefiniteLength (21 bytes)
Event: 3712.186 Thread 0x000001e57f15a000 nmethod 19956 0x000001e50319ba90 code [0x000001e50319bc80, 0x000001e50319bfa8]
Event: 3712.186 Thread 0x000001e57f15a000 19957       3       sun.security.util.DerInputStream::getLength (9 bytes)
Event: 3712.187 Thread 0x000001e57f15a000 nmethod 19957 0x000001e50319c110 code [0x000001e50319c2e0, 0x000001e50319c4b8]
Event: 3712.207 Thread 0x000001e57f158000 19958   !   4       com.sun.crypto.provider.PKCS12PBECipherCore::derive (501 bytes)

GC Heap History (20 events):
Event: 3696.074 GC heap after
{Heap after GC invocations=162 (full 0):
 garbage-first heap   total 198656K, used 102201K [0x0000000080000000, 0x0000000100000000)
  region size 1024K, 2 young (2048K), 2 survivors (2048K)
 Metaspace       used 115458K, capacity 118510K, committed 119164K, reserved 1153024K
  class space    used 14722K, capacity 15899K, committed 16128K, reserved 1048576K
}
Event: 3696.522 GC heap before
{Heap before GC invocations=162 (full 0):
 garbage-first heap   total 198656K, used 109369K [0x0000000080000000, 0x0000000100000000)
  region size 1024K, 10 young (10240K), 2 survivors (2048K)
 Metaspace       used 115543K, capacity 118596K, committed 119164K, reserved 1153024K
  class space    used 14722K, capacity 15899K, committed 16128K, reserved 1048576K
}
Event: 3696.587 GC heap after
{Heap after GC invocations=163 (full 0):
 garbage-first heap   total 198656K, used 103886K [0x0000000080000000, 0x0000000100000000)
  region size 1024K, 2 young (2048K), 2 survivors (2048K)
 Metaspace       used 115543K, capacity 118596K, committed 119164K, reserved 1153024K
  class space    used 14722K, capacity 15899K, committed 16128K, reserved 1048576K
}
Event: 3697.565 GC heap before
{Heap before GC invocations=164 (full 0):
 garbage-first heap   total 198656K, used 113102K [0x0000000080000000, 0x0000000100000000)
  region size 1024K, 11 young (11264K), 2 survivors (2048K)
 Metaspace       used 115558K, capacity 118663K, committed 119164K, reserved 1153024K
  class space    used 14722K, capacity 15899K, committed 16128K, reserved 1048576K
}
Event: 3697.622 GC heap after
{Heap after GC invocations=165 (full 0):
 garbage-first heap   total 198656K, used 105749K [0x0000000080000000, 0x0000000100000000)
  region size 1024K, 2 young (2048K), 2 survivors (2048K)
 Metaspace       used 115558K, capacity 118663K, committed 119164K, reserved 1153024K
  class space    used 14722K, capacity 15899K, committed 16128K, reserved 1048576K
}
Event: 3698.780 GC heap before
{Heap before GC invocations=165 (full 0):
 garbage-first heap   total 198656K, used 112917K [0x0000000080000000, 0x0000000100000000)
  region size 1024K, 9 young (9216K), 2 survivors (2048K)
 Metaspace       used 115563K, capacity 118663K, committed 119164K, reserved 1153024K
  class space    used 14722K, capacity 15899K, committed 16128K, reserved 1048576K
}
Event: 3698.888 GC heap after
{Heap after GC invocations=166 (full 0):
 garbage-first heap   total 198656K, used 106254K [0x0000000080000000, 0x0000000100000000)
  region size 1024K, 2 young (2048K), 2 survivors (2048K)
 Metaspace       used 115563K, capacity 118663K, committed 119164K, reserved 1153024K
  class space    used 14722K, capacity 15899K, committed 16128K, reserved 1048576K
}
Event: 3699.607 GC heap before
{Heap before GC invocations=166 (full 0):
 garbage-first heap   total 198656K, used 117518K [0x0000000080000000, 0x0000000100000000)
  region size 1024K, 14 young (14336K), 2 survivors (2048K)
 Metaspace       used 115628K, capacity 118730K, committed 119164K, reserved 1153024K
  class space    used 14722K, capacity 15899K, committed 16128K, reserved 1048576K
}
Event: 3699.615 GC heap after
{Heap after GC invocations=167 (full 0):
 garbage-first heap   total 198656K, used 106059K [0x0000000080000000, 0x0000000100000000)
  region size 1024K, 1 young (1024K), 1 survivors (1024K)
 Metaspace       used 115628K, capacity 118730K, committed 119164K, reserved 1153024K
  class space    used 14722K, capacity 15899K, committed 16128K, reserved 1048576K
}
Event: 3700.454 GC heap before
{Heap before GC invocations=168 (full 0):
 garbage-first heap   total 198656K, used 122443K [0x0000000080000000, 0x0000000100000000)
  region size 1024K, 17 young (17408K), 1 survivors (1024K)
 Metaspace       used 115645K, capacity 118731K, committed 119164K, reserved 1153024K
  class space    used 14722K, capacity 15899K, committed 16128K, reserved 1048576K
}
Event: 3700.466 GC heap after
{Heap after GC invocations=169 (full 0):
 garbage-first heap   total 198656K, used 107051K [0x0000000080000000, 0x0000000100000000)
  region size 1024K, 2 young (2048K), 2 survivors (2048K)
 Metaspace       used 115645K, capacity 118731K, committed 119164K, reserved 1153024K
  class space    used 14722K, capacity 15899K, committed 16128K, reserved 1048576K
}
Event: 3700.552 GC heap before
{Heap before GC invocations=169 (full 0):
 garbage-first heap   total 198656K, used 114219K [0x0000000080000000, 0x0000000100000000)
  region size 1024K, 9 young (9216K), 2 survivors (2048K)
 Metaspace       used 115648K, capacity 118731K, committed 119164K, reserved 1153024K
  class space    used 14722K, capacity 15899K, committed 16128K, reserved 1048576K
}
Event: 3700.710 GC heap after
{Heap after GC invocations=170 (full 0):
 garbage-first heap   total 198656K, used 105810K [0x0000000080000000, 0x0000000100000000)
  region size 1024K, 2 young (2048K), 2 survivors (2048K)
 Metaspace       used 115648K, capacity 118731K, committed 119164K, reserved 1153024K
  class space    used 14722K, capacity 15899K, committed 16128K, reserved 1048576K
}
Event: 3701.193 GC heap before
{Heap before GC invocations=170 (full 0):
 garbage-first heap   total 198656K, used 121170K [0x0000000080000000, 0x0000000100000000)
  region size 1024K, 17 young (17408K), 2 survivors (2048K)
 Metaspace       used 115657K, capacity 118731K, committed 119164K, reserved 1153024K
  class space    used 14722K, capacity 15899K, committed 16128K, reserved 1048576K
}
Event: 3701.201 GC heap after
{Heap after GC invocations=171 (full 0):
 garbage-first heap   total 198656K, used 104674K [0x0000000080000000, 0x0000000100000000)
  region size 1024K, 1 young (1024K), 1 survivors (1024K)
 Metaspace       used 115657K, capacity 118731K, committed 119164K, reserved 1153024K
  class space    used 14722K, capacity 15899K, committed 16128K, reserved 1048576K
}
Event: 3702.538 GC heap before
{Heap before GC invocations=172 (full 0):
 garbage-first heap   total 198656K, used 125154K [0x0000000080000000, 0x0000000100000000)
  region size 1024K, 21 young (21504K), 1 survivors (1024K)
 Metaspace       used 115731K, capacity 118800K, committed 119420K, reserved 1153024K
  class space    used 14722K, capacity 15899K, committed 16128K, reserved 1048576K
}
Event: 3702.546 GC heap after
{Heap after GC invocations=173 (full 0):
 garbage-first heap   total 198656K, used 104897K [0x0000000080000000, 0x0000000100000000)
  region size 1024K, 1 young (1024K), 1 survivors (1024K)
 Metaspace       used 115731K, capacity 118800K, committed 119420K, reserved 1153024K
  class space    used 14722K, capacity 15899K, committed 16128K, reserved 1048576K
}
Event: 3703.484 GC heap before
{Heap before GC invocations=173 (full 0):
 garbage-first heap   total 198656K, used 112065K [0x0000000080000000, 0x0000000100000000)
  region size 1024K, 9 young (9216K), 1 survivors (1024K)
 Metaspace       used 115747K, capacity 118808K, committed 119420K, reserved 1153024K
  class space    used 14722K, capacity 15899K, committed 16128K, reserved 1048576K
}
Event: 3703.513 GC heap after
{Heap after GC invocations=174 (full 0):
 garbage-first heap   total 198656K, used 104462K [0x0000000080000000, 0x0000000100000000)
  region size 1024K, 1 young (1024K), 1 survivors (1024K)
 Metaspace       used 115747K, capacity 118808K, committed 119420K, reserved 1153024K
  class space    used 14722K, capacity 15899K, committed 16128K, reserved 1048576K
}
Event: 3712.571 GC heap before
{Heap before GC invocations=174 (full 0):
 garbage-first heap   total 198656K, used 136206K [0x0000000080000000, 0x0000000100000000)
  region size 1024K, 33 young (33792K), 1 survivors (1024K)
 Metaspace       used 115883K, capacity 118917K, committed 119420K, reserved 1153024K
  class space    used 14725K, capacity 15903K, committed 16128K, reserved 1048576K
}

Deoptimization events (20 events):
Event: 3708.745 Thread 0x000001e510302000 DEOPT PACKING pc=0x000001e502db19cd sp=0x000000cdb4cfc9d0
Event: 3708.745 Thread 0x000001e510302000 DEOPT UNPACKING pc=0x000001e5000266bf sp=0x000000cdb4cfbea8 mode 0
Event: 3710.049 Thread 0x000001e510303800 Uncommon trap: trap_request=0xffffffc6 fr.pc=0x000001e507f96d88 relative=0x00000000000000c8
Event: 3710.049 Thread 0x000001e510303800 Uncommon trap: reason=bimorphic_or_optimized_type_check action=maybe_recompile pc=0x000001e507f96d88 method=com.google.common.collect.RegularImmutableMap.checkNoConflictInKeyBucket(Ljava/lang/Object;Ljava/util/Map$Entry;Lcom/google/common/collect/Immutabl
Event: 3710.049 Thread 0x000001e510303800 DEOPT PACKING pc=0x000001e507f96d88 sp=0x000000cdb19f97c0
Event: 3710.049 Thread 0x000001e510303800 DEOPT UNPACKING pc=0x000001e5000262a9 sp=0x000000cdb19f9768 mode 2
Event: 3710.064 Thread 0x000001e510303800 Uncommon trap: trap_request=0xffffffde fr.pc=0x000001e5082848e4 relative=0x0000000000000204
Event: 3710.064 Thread 0x000001e510303800 Uncommon trap: reason=class_check action=maybe_recompile pc=0x000001e5082848e4 method=org.gradle.internal.snapshot.CompositeFileSystemSnapshot.of(Ljava/util/List;)Lorg/gradle/internal/snapshot/FileSystemSnapshot; @ 1 c2
Event: 3710.064 Thread 0x000001e510303800 DEOPT PACKING pc=0x000001e5082848e4 sp=0x000000cdb19f9320
Event: 3710.064 Thread 0x000001e510303800 DEOPT UNPACKING pc=0x000001e5000262a9 sp=0x000000cdb19f92e0 mode 2
Event: 3712.207 Thread 0x000001e5169ad000 DEOPT PACKING pc=0x000001e502f04d76 sp=0x000000cdafffd390
Event: 3712.207 Thread 0x000001e5169ad000 DEOPT UNPACKING pc=0x000001e5000266bf sp=0x000000cdafffc910 mode 0
Event: 3712.235 Thread 0x000001e5169ad000 DEOPT PACKING pc=0x000001e502f04d76 sp=0x000000cdafffd390
Event: 3712.235 Thread 0x000001e5169ad000 DEOPT UNPACKING pc=0x000001e5000266bf sp=0x000000cdafffc910 mode 0
Event: 3712.461 Thread 0x000001e5169ad000 DEOPT PACKING pc=0x000001e502f04d76 sp=0x000000cdafffd680
Event: 3712.461 Thread 0x000001e5169ad000 DEOPT UNPACKING pc=0x000001e5000266bf sp=0x000000cdafffcc00 mode 0
Event: 3712.543 Thread 0x000001e5169ad000 DEOPT PACKING pc=0x000001e502f04d76 sp=0x000000cdafffd340
Event: 3712.543 Thread 0x000001e5169ad000 DEOPT UNPACKING pc=0x000001e5000266bf sp=0x000000cdafffc8c0 mode 0
Event: 3712.571 Thread 0x000001e5169ad000 DEOPT PACKING pc=0x000001e502f04d76 sp=0x000000cdafffd340
Event: 3712.571 Thread 0x000001e5169ad000 DEOPT UNPACKING pc=0x000001e5000266bf sp=0x000000cdafffc8c0 mode 0

Classes redefined (0 events):
No events

Internal exceptions (20 events):
Event: 3704.376 Thread 0x000001e5169ad000 Exception <a 'sun/nio/fs/WindowsException'{0x000000008bee9580}> (0x000000008bee9580) thrown at [./src/hotspot/share/prims/jni.cpp, line 615]
Event: 3704.382 Thread 0x000001e5169ad000 Exception <a 'sun/nio/fs/WindowsException'{0x000000008bef1ea0}> (0x000000008bef1ea0) thrown at [./src/hotspot/share/prims/jni.cpp, line 615]
Event: 3704.386 Thread 0x000001e5169ad000 Exception <a 'sun/nio/fs/WindowsException'{0x000000008befa8f8}> (0x000000008befa8f8) thrown at [./src/hotspot/share/prims/jni.cpp, line 615]
Event: 3704.500 Thread 0x000001e5169ad000 Exception <a 'sun/nio/fs/WindowsException'{0x000000008bcc1198}> (0x000000008bcc1198) thrown at [./src/hotspot/share/prims/jni.cpp, line 615]
Event: 3704.514 Thread 0x000001e5169ad000 Exception <a 'sun/nio/fs/WindowsException'{0x000000008bcc85a0}> (0x000000008bcc85a0) thrown at [./src/hotspot/share/prims/jni.cpp, line 615]
Event: 3704.558 Thread 0x000001e5169ad000 Exception <a 'sun/nio/fs/WindowsException'{0x000000008bcd0600}> (0x000000008bcd0600) thrown at [./src/hotspot/share/prims/jni.cpp, line 615]
Event: 3704.568 Thread 0x000001e5169ad000 Exception <a 'sun/nio/fs/WindowsException'{0x000000008bcebd38}> (0x000000008bcebd38) thrown at [./src/hotspot/share/prims/jni.cpp, line 615]
Event: 3704.584 Thread 0x000001e5169ad000 Exception <a 'sun/nio/fs/WindowsException'{0x000000008bcf3ca8}> (0x000000008bcf3ca8) thrown at [./src/hotspot/share/prims/jni.cpp, line 615]
Event: 3704.607 Thread 0x000001e5169ad000 Exception <a 'sun/nio/fs/WindowsException'{0x000000008bcfdcc0}> (0x000000008bcfdcc0) thrown at [./src/hotspot/share/prims/jni.cpp, line 615]
Event: 3704.614 Thread 0x000001e5169ad000 Exception <a 'sun/nio/fs/WindowsException'{0x000000008bbcb5d8}> (0x000000008bbcb5d8) thrown at [./src/hotspot/share/prims/jni.cpp, line 615]
Event: 3704.645 Thread 0x000001e5169ad000 Exception <a 'sun/nio/fs/WindowsException'{0x000000008bbd3640}> (0x000000008bbd3640) thrown at [./src/hotspot/share/prims/jni.cpp, line 615]
Event: 3704.649 Thread 0x000001e5169ad000 Exception <a 'sun/nio/fs/WindowsException'{0x000000008bbdb588}> (0x000000008bbdb588) thrown at [./src/hotspot/share/prims/jni.cpp, line 615]
Event: 3704.939 Thread 0x000001e5169ad000 Exception <a 'sun/nio/fs/WindowsException'{0x000000008bbea360}> (0x000000008bbea360) thrown at [./src/hotspot/share/prims/jni.cpp, line 615]
Event: 3705.086 Thread 0x000001e5169ad000 Exception <a 'sun/nio/fs/WindowsException'{0x000000008bbf6e88}> (0x000000008bbf6e88) thrown at [./src/hotspot/share/prims/jni.cpp, line 615]
Event: 3708.598 Thread 0x000001e5169ae800 Exception <a 'sun/nio/fs/WindowsException'{0x000000008b374d90}> (0x000000008b374d90) thrown at [./src/hotspot/share/prims/jni.cpp, line 615]
Event: 3708.598 Thread 0x000001e510302000 Exception <a 'sun/nio/fs/WindowsException'{0x000000008b35c6e0}> (0x000000008b35c6e0) thrown at [./src/hotspot/share/prims/jni.cpp, line 615]
Event: 3708.683 Thread 0x000001e5169ae800 Exception <a 'sun/nio/fs/WindowsException'{0x000000008b0c4998}> (0x000000008b0c4998) thrown at [./src/hotspot/share/prims/jni.cpp, line 615]
Event: 3708.753 Thread 0x000001e510302000 Exception <a 'sun/nio/fs/WindowsException'{0x000000008ad5b888}> (0x000000008ad5b888) thrown at [./src/hotspot/share/prims/jni.cpp, line 615]
Event: 3711.291 Thread 0x000001e510303800 Exception <a 'sun/nio/fs/WindowsException'{0x000000008adafdf0}> (0x000000008adafdf0) thrown at [./src/hotspot/share/prims/jni.cpp, line 615]
Event: 3711.292 Thread 0x000001e510303800 Exception <a 'sun/nio/fs/WindowsException'{0x000000008adb1710}> (0x000000008adb1710) thrown at [./src/hotspot/share/prims/jni.cpp, line 615]

Events (20 events):
Event: 3707.057 Executing VM operation: RevokeBias done
Event: 3707.057 Executing VM operation: RevokeBias
Event: 3707.155 Executing VM operation: RevokeBias done
Event: 3707.225 Executing VM operation: RevokeBias
Event: 3707.226 Executing VM operation: RevokeBias done
Event: 3707.859 Executing VM operation: RevokeBias
Event: 3707.860 Executing VM operation: RevokeBias done
Event: 3707.860 Executing VM operation: RevokeBias
Event: 3707.860 Executing VM operation: RevokeBias done
Event: 3707.860 Executing VM operation: RevokeBias
Event: 3707.861 Executing VM operation: RevokeBias done
Event: 3708.374 Thread 0x000001e510302000 Thread added: 0x000001e510302000
Event: 3708.692 loading class com/android/tools/r8/graph/P1
Event: 3708.692 loading class com/android/tools/r8/graph/P1 done
Event: 3710.718 Executing VM operation: RevokeBias
Event: 3710.718 Executing VM operation: RevokeBias done
Event: 3710.718 Thread 0x000001e5169ae800 Thread exited: 0x000001e5169ae800
Event: 3711.686 loading class org/gradle/api/internal/provider/ValueSupplier$1
Event: 3711.686 loading class org/gradle/api/internal/provider/ValueSupplier$1 done
Event: 3712.571 Executing VM operation: G1CollectForAllocation


Dynamic libraries:
0x00007ff70b040000 - 0x00007ff70b04a000 	C:\Program Files\Android\Android Studio\jre\bin\java.exe
0x00007ff88fbd0000 - 0x00007ff88fde2000 	C:\WINDOWS\SYSTEM32\ntdll.dll
0x00007ff88e8b0000 - 0x00007ff88e972000 	C:\WINDOWS\System32\KERNEL32.DLL
0x00007ff88d650000 - 0x00007ff88d9eb000 	C:\WINDOWS\System32\KERNELBASE.dll
0x00007ff88d020000 - 0x00007ff88d131000 	C:\WINDOWS\System32\ucrtbase.dll
0x00007ff86d710000 - 0x00007ff86d727000 	C:\Program Files\Android\Android Studio\jre\bin\VCRUNTIME140.dll
0x00007ff86a2f0000 - 0x00007ff86a309000 	C:\Program Files\Android\Android Studio\jre\bin\jli.dll
0x00007ff88e280000 - 0x00007ff88e42b000 	C:\WINDOWS\System32\USER32.dll
0x00007ff886c50000 - 0x00007ff886ede000 	C:\WINDOWS\WinSxS\amd64_microsoft.windows.common-controls_6595b64144ccf1df_6.0.22598.1_none_5f058c2d9dc925ef\COMCTL32.dll
0x00007ff88d140000 - 0x00007ff88d166000 	C:\WINDOWS\System32\win32u.dll
0x00007ff88e980000 - 0x00007ff88ea25000 	C:\WINDOWS\System32\msvcrt.dll
0x00007ff88fa70000 - 0x00007ff88fa99000 	C:\WINDOWS\System32\GDI32.dll
0x00007ff88d530000 - 0x00007ff88d648000 	C:\WINDOWS\System32\gdi32full.dll
0x00007ff88d490000 - 0x00007ff88d52a000 	C:\WINDOWS\System32\msvcp_win.dll
0x00007ff88e870000 - 0x00007ff88e8a1000 	C:\WINDOWS\System32\IMM32.DLL
0x00007ff857850000 - 0x00007ff8578ed000 	C:\Program Files\Android\Android Studio\jre\bin\msvcp140.dll
0x00007ff846cc0000 - 0x00007ff847795000 	C:\Program Files\Android\Android Studio\jre\bin\server\jvm.dll
0x00007ff88e460000 - 0x00007ff88e50e000 	C:\WINDOWS\System32\ADVAPI32.dll
0x00007ff88db70000 - 0x00007ff88dc14000 	C:\WINDOWS\System32\sechost.dll
0x00007ff88dc20000 - 0x00007ff88dd35000 	C:\WINDOWS\System32\RPCRT4.dll
0x00007ff88e270000 - 0x00007ff88e278000 	C:\WINDOWS\System32\PSAPI.DLL
0x00007ff88a4c0000 - 0x00007ff88a4c9000 	C:\WINDOWS\SYSTEM32\WSOCK32.dll
0x00007ff870f10000 - 0x00007ff870f44000 	C:\WINDOWS\SYSTEM32\WINMM.dll
0x00007ff8893b0000 - 0x00007ff8893ba000 	C:\WINDOWS\SYSTEM32\VERSION.dll
0x00007ff88fb10000 - 0x00007ff88fb81000 	C:\WINDOWS\System32\WS2_32.dll
0x00007ff88c050000 - 0x00007ff88c068000 	C:\WINDOWS\SYSTEM32\kernel.appcore.dll
0x00007ff882070000 - 0x00007ff882081000 	C:\Program Files\Android\Android Studio\jre\bin\verify.dll
0x00007ff88ace0000 - 0x00007ff88af0e000 	C:\WINDOWS\SYSTEM32\DBGHELP.DLL
0x00007ff88dd40000 - 0x00007ff88e0c6000 	C:\WINDOWS\System32\combase.dll
0x00007ff88f4a0000 - 0x00007ff88f577000 	C:\WINDOWS\System32\OLEAUT32.dll
0x00007ff887130000 - 0x00007ff887162000 	C:\WINDOWS\SYSTEM32\dbgcore.DLL
0x00007ff88d410000 - 0x00007ff88d48b000 	C:\WINDOWS\System32\bcryptPrimitives.dll
0x00007ff87cc60000 - 0x00007ff87cc89000 	C:\Program Files\Android\Android Studio\jre\bin\java.dll
0x00007ff886aa0000 - 0x00007ff886aab000 	C:\Program Files\Android\Android Studio\jre\bin\jimage.dll
0x00007ff882020000 - 0x00007ff882038000 	C:\Program Files\Android\Android Studio\jre\bin\zip.dll
0x00007ff88eb60000 - 0x00007ff88f33c000 	C:\WINDOWS\System32\SHELL32.dll
0x00007ff88af20000 - 0x00007ff88b7d6000 	C:\WINDOWS\SYSTEM32\windows.storage.dll
0x00007ff88b810000 - 0x00007ff88b94d000 	C:\WINDOWS\SYSTEM32\wintypes.dll
0x00007ff88f3a0000 - 0x00007ff88f491000 	C:\WINDOWS\System32\SHCORE.dll
0x00007ff88fab0000 - 0x00007ff88fb0e000 	C:\WINDOWS\System32\shlwapi.dll
0x00007ff88cf50000 - 0x00007ff88cf71000 	C:\WINDOWS\SYSTEM32\profapi.dll
0x00007ff878620000 - 0x00007ff87863a000 	C:\Program Files\Android\Android Studio\jre\bin\net.dll
0x00007ff887280000 - 0x00007ff8873af000 	C:\WINDOWS\SYSTEM32\WINHTTP.dll
0x00007ff88c4f0000 - 0x00007ff88c559000 	C:\WINDOWS\system32\mswsock.dll
0x00007ff86da30000 - 0x00007ff86da44000 	C:\Program Files\Android\Android Studio\jre\bin\nio.dll
0x00007ff8671a0000 - 0x00007ff8671c7000 	C:\Users\Ideapad\.gradle\native\e1d6ef7f7dcc3fd88c89a11ec53ec762bb8ba0a96d01ffa2cd45eb1d1d8dd5c5\windows-amd64\native-platform.dll
0x00007ff85b030000 - 0x00007ff85b174000 	C:\Users\Ideapad\.gradle\native\5664cfc778a61ccfe75a443a1ab52a65af34e5dc3c78e0209fed803814484fcb\windows-amd64\native-platform-file-events.dll
0x00007ff884a90000 - 0x00007ff884a9a000 	C:\Program Files\Android\Android Studio\jre\bin\management.dll
0x00007ff884a20000 - 0x00007ff884a2d000 	C:\Program Files\Android\Android Studio\jre\bin\management_ext.dll
0x00007ff88c740000 - 0x00007ff88c75b000 	C:\WINDOWS\SYSTEM32\CRYPTSP.dll
0x00007ff88c010000 - 0x00007ff88c045000 	C:\WINDOWS\system32\rsaenh.dll
0x00007ff88c5f0000 - 0x00007ff88c618000 	C:\WINDOWS\SYSTEM32\USERENV.dll
0x00007ff88c900000 - 0x00007ff88c928000 	C:\WINDOWS\SYSTEM32\bcrypt.dll
0x00007ff88c760000 - 0x00007ff88c76c000 	C:\WINDOWS\SYSTEM32\CRYPTBASE.dll
0x00007ff88bb70000 - 0x00007ff88bb9d000 	C:\WINDOWS\SYSTEM32\IPHLPAPI.DLL
0x00007ff88e430000 - 0x00007ff88e439000 	C:\WINDOWS\System32\NSI.dll
0x00007ff887170000 - 0x00007ff887189000 	C:\WINDOWS\SYSTEM32\dhcpcsvc6.DLL
0x00007ff887110000 - 0x00007ff88712f000 	C:\WINDOWS\SYSTEM32\dhcpcsvc.DLL
0x00007ff88bba0000 - 0x00007ff88bc92000 	C:\WINDOWS\SYSTEM32\DNSAPI.dll
0x00007ff85df50000 - 0x00007ff85df77000 	C:\Program Files\Android\Android Studio\jre\bin\sunec.dll
0x00007ff888610000 - 0x00007ff888618000 	C:\Program Files\Android\Android Studio\jre\bin\rmi.dll

dbghelp: loaded successfully - version: 4.0.5 - missing functions: none
symbol engine: initialized successfully - sym options: 0x614 - pdb path: .;C:\Program Files\Android\Android Studio\jre\bin;C:\WINDOWS\SYSTEM32;C:\WINDOWS\WinSxS\amd64_microsoft.windows.common-controls_6595b64144ccf1df_6.0.22598.1_none_5f058c2d9dc925ef;C:\Program Files\Android\Android Studio\jre\bin\server;C:\Users\Ideapad\.gradle\native\e1d6ef7f7dcc3fd88c89a11ec53ec762bb8ba0a96d01ffa2cd45eb1d1d8dd5c5\windows-amd64;C:\Users\Ideapad\.gradle\native\5664cfc778a61ccfe75a443a1ab52a65af34e5dc3c78e0209fed803814484fcb\windows-amd64

VM Arguments:
jvm_args: --add-opens=java.base/java.util=ALL-UNNAMED --add-opens=java.base/java.lang=ALL-UNNAMED --add-opens=java.base/java.lang.invoke=ALL-UNNAMED --add-opens=java.base/java.util=ALL-UNNAMED --add-opens=java.prefs/java.util.prefs=ALL-UNNAMED --add-opens=java.prefs/java.util.prefs=ALL-UNNAMED --add-opens=java.base/java.nio.charset=ALL-UNNAMED --add-opens=java.base/java.net=ALL-UNNAMED --add-opens=java.base/java.util.concurrent.atomic=ALL-UNNAMED -Xmx2048m -Dfile.encoding=UTF-8 -Duser.country=US -Duser.language=en -Duser.variant 
java_command: org.gradle.launcher.daemon.bootstrap.GradleDaemon 7.2
java_class_path (initial): C:\Users\Ideapad\.gradle\wrapper\dists\gradle-7.2-bin\2dnblmf4td7x66yl1d74lt32g\gradle-7.2\lib\gradle-launcher-7.2.jar
Launcher Type: SUN_STANDARD

[Global flags]
     intx CICompilerCount                          = 2                                         {product} {ergonomic}
     uint ConcGCThreads                            = 1                                         {product} {ergonomic}
     uint G1ConcRefinementThreads                  = 2                                         {product} {ergonomic}
   size_t G1HeapRegionSize                         = 1048576                                   {product} {ergonomic}
    uintx GCDrainStackTargetSize                   = 64                                        {product} {ergonomic}
   size_t InitialHeapSize                          = 65011712                                  {product} {ergonomic}
   size_t MarkStackSize                            = 4194304                                   {product} {ergonomic}
   size_t MaxHeapSize                              = 2147483648                                {product} {command line}
   size_t MaxNewSize                               = 1287651328                                {product} {ergonomic}
   size_t MinHeapDeltaBytes                        = 1048576                                   {product} {ergonomic}
    uintx NonNMethodCodeHeapSize                   = 5825164                                {pd product} {ergonomic}
    uintx NonProfiledCodeHeapSize                  = 122916538                              {pd product} {ergonomic}
    uintx ProfiledCodeHeapSize                     = 122916538                              {pd product} {ergonomic}
    uintx ReservedCodeCacheSize                    = 251658240                              {pd product} {ergonomic}
     bool SegmentedCodeCache                       = true                                      {product} {ergonomic}
     bool UseCompressedClassPointers               = true                                 {lp64_product} {ergonomic}
     bool UseCompressedOops                        = true                                 {lp64_product} {ergonomic}
     bool UseG1GC                                  = true                                      {product} {ergonomic}
     bool UseLargePagesIndividualAllocation        = false                                  {pd product} {ergonomic}

Logging:
Log output configuration:
 #0: stdout all=warning uptime,level,tags
 #1: stderr all=off uptime,level,tags

Environment Variables:
JAVA_HOME=C:\Program Files\Java\jdk-17.0.2
PATH=C:\Program Files\Common Files\Oracle\Java\javapath;C:\Program Files (x86)\Intel\TXE Components\iCLS\;C:\Program Files\Intel\TXE Components\iCLS\;C:\WINDOWS\system32;C:\WINDOWS;C:\WINDOWS\System32\Wbem;C:\WINDOWS\System32\WindowsPowerShell\v1.0\;C:\WINDOWS\System32\OpenSSH\;C:\Program Files\Intel\TXE Components\DAL\;C:\Program Files (x86)\Intel\TXE Components\DAL\;C:\Program Files\Intel\TXE Components\IPT\;C:\Program Files (x86)\Intel\TXE Components\IPT\;C:\Program Files\maven\bin;C:\Program Files\Git\cmd;C:\Program Files\Java\jdk-17.0.2\bin;C:\Users\Ideapad\AppData\Local\Microsoft\WindowsApps;;C:\Program Files\JetBrains\IntelliJ IDEA Community Edition 2021.3\bin;
USERNAME=Ideapad
OS=Windows_NT
PROCESSOR_IDENTIFIER=Intel64 Family 6 Model 122 Stepping 1, GenuineIntel



---------------  S Y S T E M  ---------------

OS: Windows 10 , 64 bit Build 22598 (10.0.22598.1)
OS uptime: 7 days 23:31 hours

CPU:total 2 (initial active 2) (2 cores per cpu, 1 threads per core) family 6 model 122 stepping 1 microcode 0x34, cmov, cx8, fxsr, mmx, sse, sse2, sse3, ssse3, sse4.1, sse4.2, popcnt, aes, clmul, erms, 3dnowpref, tsc, tscinvbit, sha

Memory: 4k page, system-wide physical 3918M (196M free)
TotalPageFile size 10062M (AvailPageFile size 50M)
current process WorkingSet (physical memory assigned to process): 316M, peak: 435M
current process commit charge ("private bytes"): 533M, peak: 674M

vm_info: OpenJDK 64-Bit Server VM (11.0.11+9-b60-7590822) for windows-amd64 JRE (11.0.11+9-b60-7590822), built on Jul 29 2021 21:43:44 by "builder" with MS VC++ 14.0 (VS2015)

END.
