#
# There is insufficient memory for the Java Runtime Environment to continue.
# Native memory allocation (mmap) failed to map 50331648 bytes for Failed to commit area from 0x000000008bf00000 to 0x000000008ef00000 of length 50331648.
# Possible reasons:
#   The system is out of physical RAM or swap space
#   The process is running with CompressedOops enabled, and the Java Heap may be blocking the growth of the native heap
# Possible solutions:
#   Reduce memory load on the system
#   Increase physical memory or swap space
#   Check if swap backing store is full
#   Decrease Java heap size (-Xmx/-Xms)
#   Decrease number of Java threads
#   Decrease Java thread stack sizes (-Xss)
#   Set larger code cache with -XX:ReservedCodeCacheSize=
#   JVM is running with Unscaled Compressed Oops mode in which the Java heap is
#     placed in the first 4GB address space. The Java Heap base address is the
#     maximum limit for the native heap growth. Please use -XX:HeapBaseMinAddress
#     to set the Java Heap base and to place the Java Heap above 4GB virtual address.
# This output file may be truncated or incomplete.
#
#  Out of Memory Error (./src/hotspot/os/windows/os_windows.cpp:3301), pid=75752, tid=72852
#
# JRE version: OpenJDK Runtime Environment (11.0.11+9) (build 11.0.11+9-b60-7590822)
# Java VM: OpenJDK 64-Bit Server VM (11.0.11+9-b60-7590822, mixed mode, tiered, compressed oops, g1 gc, windows-amd64)
# No core dump will be written. Minidumps are not enabled by default on client versions of Windows
#

---------------  S U M M A R Y ------------

Command Line: --add-opens=java.base/java.util=ALL-UNNAMED --add-opens=java.base/java.lang=ALL-UNNAMED --add-opens=java.base/java.lang.invoke=ALL-UNNAMED --add-opens=java.base/java.util=ALL-UNNAMED --add-opens=java.prefs/java.util.prefs=ALL-UNNAMED --add-opens=java.prefs/java.util.prefs=ALL-UNNAMED --add-opens=java.base/java.nio.charset=ALL-UNNAMED --add-opens=java.base/java.net=ALL-UNNAMED --add-opens=java.base/java.util.concurrent.atomic=ALL-UNNAMED -Xmx2048m -Dfile.encoding=UTF-8 -Duser.country=US -Duser.language=en -Duser.variant org.gradle.launcher.daemon.bootstrap.GradleDaemon 7.2

Host: Intel(R) Celeron(R) N4000 CPU @ 1.10GHz, 2 cores, 3G,  Windows 10 , 64 bit Build 22598 (10.0.22598.1)
Time: Mon May  2 17:23:50 2022 South Africa Standard Time elapsed time: 6856.104910 seconds (0d 1h 54m 16s)

---------------  T H R E A D  ---------------

Current thread (0x000001cd5982b000):  VMThread "VM Thread" [stack: 0x000000a6bb600000,0x000000a6bb700000] [id=72852]

Stack: [0x000000a6bb600000,0x000000a6bb700000]
[error occurred during error reporting (printing stack bounds), id 0xc0000005, EXCEPTION_ACCESS_VIOLATION (0xc0000005) at pc=0x000001cd43420f3d]

Native frames: (J=compiled Java code, j=interpreted, Vv=VM code, C=native code)
V  [jvm.dll+0x5f214a]
V  [jvm.dll+0x726fb5]
V  [jvm.dll+0x7285cd]
V  [jvm.dll+0x728be5]
V  [jvm.dll+0x728b9b]
V  [jvm.dll+0x5f14e8]
V  [jvm.dll+0x5f1c78]
C  [ntdll.dll+0xa3bff]
C  [ntdll.dll+0x1eaa6]
C  [ntdll.dll+0xa2bee]
C  0x000001cd43420f3d

VM_Operation (0x000000a6bf2fe5c0): G1CollectForAllocation, mode: safepoint, requested by thread 0x000001cd627c7000


---------------  P R O C E S S  ---------------

Threads class SMR info:
_java_thread_list=0x000001cd60d5ff00, length=70, elements={
0x000001cd3e00e000, 0x000001cd5982e000, 0x000001cd59837000, 0x000001cd5988c800,
0x000001cd5988e000, 0x000001cd5988f000, 0x000001cd59891800, 0x000001cd59894800,
0x000001cd5989b000, 0x000001cd5a304000, 0x000001cd5b9ba800, 0x000001cd5ad06800,
0x000001cd5b17b800, 0x000001cd5ade0800, 0x000001cd5ade5000, 0x000001cd5ade2000,
0x000001cd5ade7000, 0x000001cd5ade1000, 0x000001cd5ca31800, 0x000001cd5ca30800,
0x000001cd5ca38000, 0x000001cd5ca38800, 0x000001cd5ca13800, 0x000001cd627c7800,
0x000001cd627ce000, 0x000001cd627ca000, 0x000001cd627c9800, 0x000001cd627c8800,
0x000001cd5ade2800, 0x000001cd5ca33000, 0x000001cd5ca39800, 0x000001cd5ca34000,
0x000001cd5ca3d800, 0x000001cd5ca3e800, 0x000001cd5ca3f000, 0x000001cd5ca3a800,
0x000001cd5ca3c000, 0x000001cd5ca0f800, 0x000001cd5ca10800, 0x000001cd5ca11000,
0x000001cd5ca0f000, 0x000001cd5ca18000, 0x000001cd5ca14800, 0x000001cd5ca17000,
0x000001cd5ca12000, 0x000001cd5ca16000, 0x000001cd5ca18800, 0x000001cd5ca13000,
0x000001cd5ca1c000, 0x000001cd5ca1a000, 0x000001cd5ca19800, 0x000001cd5ca1b000,
0x000001cd5ca1c800, 0x000001cd5ca1d800, 0x000001cd627c2000, 0x000001cd627c2800,
0x000001cd627c1000, 0x000001cd627c3800, 0x000001cd627c4800, 0x000001cd627c5000,
0x000001cd627c6000, 0x000001cd627c0800, 0x000001cd627cb800, 0x000001cd627cb000,
0x000001cd5ade3800, 0x000001cd5ade4800, 0x000001cd5ade6000, 0x000001cd627cd800,
0x000001cd627cc800, 0x000001cd627c7000
}

Java Threads: ( => current thread )
  0x000001cd3e00e000 JavaThread "main" [_thread_blocked, id=74912, stack(0x000000a6bb000000,0x000000a6bb100000)]
  0x000001cd5982e000 JavaThread "Reference Handler" daemon [_thread_blocked, id=72728, stack(0x000000a6bb700000,0x000000a6bb800000)]
  0x000001cd59837000 JavaThread "Finalizer" daemon [_thread_blocked, id=68808, stack(0x000000a6bb800000,0x000000a6bb900000)]
  0x000001cd5988c800 JavaThread "Signal Dispatcher" daemon [_thread_blocked, id=73356, stack(0x000000a6bb900000,0x000000a6bba00000)]
  0x000001cd5988e000 JavaThread "Attach Listener" daemon [_thread_blocked, id=72888, stack(0x000000a6bba00000,0x000000a6bbb00000)]
  0x000001cd5988f000 JavaThread "Service Thread" daemon [_thread_blocked, id=73624, stack(0x000000a6bbb00000,0x000000a6bbc00000)]
  0x000001cd59891800 JavaThread "C2 CompilerThread0" daemon [_thread_blocked, id=73628, stack(0x000000a6bbc00000,0x000000a6bbd00000)]
  0x000001cd59894800 JavaThread "C1 CompilerThread0" daemon [_thread_blocked, id=60388, stack(0x000000a6bbd00000,0x000000a6bbe00000)]
  0x000001cd5989b000 JavaThread "Sweeper thread" daemon [_thread_blocked, id=73700, stack(0x000000a6bbe00000,0x000000a6bbf00000)]
  0x000001cd5a304000 JavaThread "Common-Cleaner" daemon [_thread_blocked, id=74992, stack(0x000000a6bbf00000,0x000000a6bc000000)]
  0x000001cd5b9ba800 JavaThread "Daemon health stats" [_thread_blocked, id=73876, stack(0x000000a6bc200000,0x000000a6bc300000)]
  0x000001cd5ad06800 JavaThread "Incoming local TCP Connector on port 51319" [_thread_in_native, id=73888, stack(0x000000a6bc300000,0x000000a6bc400000)]
  0x000001cd5b17b800 JavaThread "Daemon periodic checks" [_thread_blocked, id=72484, stack(0x000000a6bc400000,0x000000a6bc500000)]
  0x000001cd5ade0800 JavaThread "Cache worker for journal cache (C:\Users\Ideapad\.gradle\caches\journal-1)" [_thread_blocked, id=74664, stack(0x000000a6bcc00000,0x000000a6bcd00000)]
  0x000001cd5ade5000 JavaThread "File lock request listener" [_thread_in_native, id=74728, stack(0x000000a6bcd00000,0x000000a6bce00000)]
  0x000001cd5ade2000 JavaThread "Cache worker for file hash cache (C:\Users\Ideapad\.gradle\caches\7.2\fileHashes)" [_thread_blocked, id=74500, stack(0x000000a6bce00000,0x000000a6bcf00000)]
  0x000001cd5ade7000 JavaThread "File watcher server" daemon [_thread_blocked, id=74368, stack(0x000000a6bd200000,0x000000a6bd300000)]
  0x000001cd5ade1000 JavaThread "File watcher consumer" daemon [_thread_blocked, id=74172, stack(0x000000a6bd300000,0x000000a6bd400000)]
  0x000001cd5ca31800 JavaThread "Cache worker for execution history cache (C:\Users\Ideapad\.gradle\caches\7.2\executionHistory)" [_thread_blocked, id=75644, stack(0x000000a6bad00000,0x000000a6bae00000)]
  0x000001cd5ca30800 JavaThread "jar transforms" [_thread_blocked, id=73900, stack(0x000000a6bae00000,0x000000a6baf00000)]
  0x000001cd5ca38000 JavaThread "Cache worker for file content cache (C:\Users\Ideapad\.gradle\caches\7.2\fileContent)" [_thread_blocked, id=75328, stack(0x000000a6baf00000,0x000000a6bb000000)]
  0x000001cd5ca38800 JavaThread "jar transforms Thread 2" [_thread_blocked, id=74052, stack(0x000000a6bd700000,0x000000a6bd800000)]
  0x000001cd5ca13800 JavaThread "Memory manager" [_thread_blocked, id=75584, stack(0x000000a6bed00000,0x000000a6bee00000)]
  0x000001cd627c7800 JavaThread "RMI Scheduler(0)" daemon [_thread_blocked, id=76276, stack(0x000000a6bca00000,0x000000a6bcb00000)]
  0x000001cd627ce000 JavaThread "Cache worker for Java compile cache (C:\Users\Ideapad\.gradle\caches\7.2\javaCompile)" [_thread_blocked, id=42800, stack(0x000000a6bf800000,0x000000a6bf900000)]
  0x000001cd627ca000 JavaThread "RMI GC Daemon" daemon [_thread_blocked, id=86260, stack(0x000000a6bf300000,0x000000a6bf400000)]
  0x000001cd627c9800 JavaThread "RMI TCP Accept-0" daemon [_thread_in_native, id=85936, stack(0x000000a6bf400000,0x000000a6bf500000)]
  0x000001cd627c8800 JavaThread "RMI Reaper" [_thread_blocked, id=86424, stack(0x000000a6bf500000,0x000000a6bf600000)]
  0x000001cd5ade2800 JavaThread "ForkJoinPool.commonPool-worker-3" daemon [_thread_blocked, id=87348, stack(0x000000a6bfa00000,0x000000a6bfb00000)]
  0x000001cd5ca33000 JavaThread "Daemon Thread 6" [_thread_blocked, id=101140, stack(0x000000a6bc500000,0x000000a6bc600000)]
  0x000001cd5ca39800 JavaThread "Handler for socket connection from /127.0.0.1:51319 to /127.0.0.1:49685" [_thread_in_native, id=101144, stack(0x000000a6bc600000,0x000000a6bc700000)]
  0x000001cd5ca34000 JavaThread "Cancel handler" [_thread_blocked, id=100688, stack(0x000000a6bc700000,0x000000a6bc800000)]
  0x000001cd5ca3d800 JavaThread "Daemon worker Thread 6" [_thread_blocked, id=101212, stack(0x000000a6bc800000,0x000000a6bc900000)]
  0x000001cd5ca3e800 JavaThread "Asynchronous log dispatcher for DefaultDaemonConnection: socket connection from /127.0.0.1:51319 to /127.0.0.1:49685" [_thread_blocked, id=95480, stack(0x000000a6bc900000,0x000000a6bca00000)]
  0x000001cd5ca3f000 JavaThread "Daemon client event forwarder" [_thread_blocked, id=101368, stack(0x000000a6bcf00000,0x000000a6bd000000)]
  0x000001cd5ca3a800 JavaThread "Cache worker for file hash cache (C:\Users\Ideapad\Desktop\Apps\JetpackJourney\.gradle\7.2\fileHashes)" [_thread_blocked, id=100392, stack(0x000000a6bd000000,0x000000a6bd100000)]
  0x000001cd5ca3c000 JavaThread "Cache worker for checksums cache (C:\Users\Ideapad\Desktop\Apps\JetpackJourney\.gradle\checksums)" [_thread_blocked, id=100456, stack(0x000000a6bd100000,0x000000a6bd200000)]
  0x000001cd5ca0f800 JavaThread "Cache worker for cache directory md-supplier (C:\Users\Ideapad\.gradle\caches\7.2\md-supplier)" [_thread_blocked, id=100476, stack(0x000000a6bd400000,0x000000a6bd500000)]
  0x000001cd5ca10800 JavaThread "Cache worker for cache directory md-rule (C:\Users\Ideapad\.gradle\caches\7.2\md-rule)" [_thread_blocked, id=85236, stack(0x000000a6bd500000,0x000000a6bd600000)]
  0x000001cd5ca11000 JavaThread "Cache worker for dependencies-accessors (C:\Users\Ideapad\Desktop\Apps\JetpackJourney\.gradle\7.2\dependencies-accessors)" [_thread_blocked, id=101176, stack(0x000000a6bd600000,0x000000a6bd700000)]
  0x000001cd5ca0f000 JavaThread "Cache worker for Build Output Cleanup Cache (C:\Users\Ideapad\Desktop\Apps\JetpackJourney\.gradle\buildOutputCleanup)" [_thread_blocked, id=100536, stack(0x000000a6bd800000,0x000000a6bd900000)]
  0x000001cd5ca18000 JavaThread "Unconstrained build operations" [_thread_blocked, id=100508, stack(0x000000a6bd900000,0x000000a6bda00000)]
  0x000001cd5ca14800 JavaThread "Unconstrained build operations Thread 2" [_thread_blocked, id=97460, stack(0x000000a6bda00000,0x000000a6bdb00000)]
  0x000001cd5ca17000 JavaThread "Unconstrained build operations Thread 3" [_thread_blocked, id=101360, stack(0x000000a6bdb00000,0x000000a6bdc00000)]
  0x000001cd5ca12000 JavaThread "Unconstrained build operations Thread 4" [_thread_blocked, id=99424, stack(0x000000a6bdc00000,0x000000a6bdd00000)]
  0x000001cd5ca16000 JavaThread "Unconstrained build operations Thread 5" [_thread_blocked, id=99288, stack(0x000000a6bdd00000,0x000000a6bde00000)]
  0x000001cd5ca18800 JavaThread "Unconstrained build operations Thread 6" [_thread_blocked, id=98444, stack(0x000000a6bde00000,0x000000a6bdf00000)]
  0x000001cd5ca13000 JavaThread "Unconstrained build operations Thread 7" [_thread_blocked, id=100192, stack(0x000000a6bdf00000,0x000000a6be000000)]
  0x000001cd5ca1c000 JavaThread "Unconstrained build operations Thread 8" [_thread_blocked, id=101308, stack(0x000000a6be000000,0x000000a6be100000)]
  0x000001cd5ca1a000 JavaThread "Unconstrained build operations Thread 9" [_thread_blocked, id=101284, stack(0x000000a6be100000,0x000000a6be200000)]
  0x000001cd5ca19800 JavaThread "Unconstrained build operations Thread 10" [_thread_blocked, id=101276, stack(0x000000a6be200000,0x000000a6be300000)]
  0x000001cd5ca1b000 JavaThread "Unconstrained build operations Thread 11" [_thread_blocked, id=101272, stack(0x000000a6be300000,0x000000a6be400000)]
  0x000001cd5ca1c800 JavaThread "Unconstrained build operations Thread 12" [_thread_blocked, id=101336, stack(0x000000a6be400000,0x000000a6be500000)]
  0x000001cd5ca1d800 JavaThread "Unconstrained build operations Thread 13" [_thread_blocked, id=99044, stack(0x000000a6be500000,0x000000a6be600000)]
  0x000001cd627c2000 JavaThread "Unconstrained build operations Thread 14" [_thread_blocked, id=97140, stack(0x000000a6be600000,0x000000a6be700000)]
  0x000001cd627c2800 JavaThread "Unconstrained build operations Thread 15" [_thread_blocked, id=101004, stack(0x000000a6be700000,0x000000a6be800000)]
  0x000001cd627c1000 JavaThread "Unconstrained build operations Thread 16" [_thread_blocked, id=90840, stack(0x000000a6be800000,0x000000a6be900000)]
  0x000001cd627c3800 JavaThread "Unconstrained build operations Thread 17" [_thread_blocked, id=99928, stack(0x000000a6be900000,0x000000a6bea00000)]
  0x000001cd627c4800 JavaThread "Unconstrained build operations Thread 18" [_thread_blocked, id=101312, stack(0x000000a6bea00000,0x000000a6beb00000)]
  0x000001cd627c5000 JavaThread "Unconstrained build operations Thread 19" [_thread_blocked, id=101196, stack(0x000000a6beb00000,0x000000a6bec00000)]
  0x000001cd627c6000 JavaThread "Unconstrained build operations Thread 20" [_thread_blocked, id=101192, stack(0x000000a6bec00000,0x000000a6bed00000)]
  0x000001cd627c0800 JavaThread "build event listener" [_thread_blocked, id=99492, stack(0x000000a6bee00000,0x000000a6bef00000)]
  0x000001cd627cb800 JavaThread "Execution worker for ':'" [_thread_blocked, id=77444, stack(0x000000a6bef00000,0x000000a6bf000000)]
  0x000001cd627cb000 JavaThread "Cache worker for execution history cache (C:\Users\Ideapad\Desktop\Apps\JetpackJourney\.gradle\7.2\executionHistory)" [_thread_blocked, id=45788, stack(0x000000a6bf000000,0x000000a6bf100000)]
  0x000001cd5ade3800 JavaThread "Build operations" [_thread_blocked, id=100792, stack(0x000000a6bf700000,0x000000a6bf800000)]
  0x000001cd5ade4800 JavaThread "Build operations Thread 2" [_thread_blocked, id=100976, stack(0x000000a6bf900000,0x000000a6bfa00000)]
  0x000001cd5ade6000 JavaThread "WorkerExecutor Queue" [_thread_blocked, id=100448, stack(0x000000a6bcb00000,0x000000a6bcc00000)]
  0x000001cd627cd800 JavaThread "WorkerExecutor Queue Thread 3" [_thread_blocked, id=101244, stack(0x000000a6bfb00000,0x000000a6bfc00000)]
  0x000001cd627cc800 JavaThread "File lock release action executor Thread 2" [_thread_blocked, id=101472, stack(0x000000a6bf100000,0x000000a6bf200000)]
  0x000001cd627c7000 JavaThread "ForkJoinPool.commonPool-worker-1" daemon [_thread_blocked, id=101640, stack(0x000000a6bf200000,0x000000a6bf300000)]

Other Threads:
=>0x000001cd5982b000 VMThread "VM Thread" [stack: 0x000000a6bb600000,0x000000a6bb700000] [id=72852]
  0x000001cd5a320800 WatcherThread [stack: 0x000000a6bc000000,0x000000a6bc100000] [id=74996]
  0x000001cd3e171000 GCTaskThread "GC Thread#0" [stack: 0x000000a6bb100000,0x000000a6bb200000] [id=68752]
  0x000001cd5a41f000 GCTaskThread "GC Thread#1" [stack: 0x000000a6bc100000,0x000000a6bc200000] [id=75036]
  0x000001cd3e1a2800 ConcurrentGCThread "G1 Main Marker" [stack: 0x000000a6bb200000,0x000000a6bb300000] [id=50168]
  0x000001cd3e1a5000 ConcurrentGCThread "G1 Conc#0" [stack: 0x000000a6bb300000,0x000000a6bb400000] [id=73692]
  0x000001cd3e1fa000 ConcurrentGCThread "G1 Refine#0" [stack: 0x000000a6bb400000,0x000000a6bb500000] [id=73696]
  0x000001cd3e1fd000 ConcurrentGCThread "G1 Young RemSet Sampling" [stack: 0x000000a6bb500000,0x000000a6bb600000] [id=73948]

Threads with active compile tasks:

VM state:at safepoint (normal execution)

VM Mutex/Monitor currently owned by a thread:  ([mutex/lock_event])
[0x000001cd3e00b8e0] Threads_lock - owner thread: 0x000001cd5982b000
[0x000001cd3e00ac80] Heap_lock - owner thread: 0x000001cd627c7000

Heap address: 0x0000000080000000, size: 2048 MB, Compressed Oops mode: 32-bit
Narrow klass base: 0x0000000000000000, Narrow klass shift: 3
Compressed class space size: 1073741824 Address: 0x0000000100000000

Heap:
 garbage-first heap   total 244736K, used 100344K [0x0000000080000000, 0x0000000100000000)
  region size 1024K, 1 young (1024K), 1 survivors (1024K)
 Metaspace       used 122948K, capacity 126148K, committed 126492K, reserved 1159168K
  class space    used 15401K, capacity 16648K, committed 16768K, reserved 1048576K
Heap Regions: E=young(eden), S=young(survivor), O=old, HS=humongous(starts), HC=humongous(continues), CS=collection set, F=free, A=archive, TAMS=top-at-mark-start (previous, next)
|   0|0x0000000080000000, 0x0000000080100000, 0x0000000080100000|100%| O|  |TAMS 0x0000000080100000, 0x0000000080100000| Untracked 
|   1|0x0000000080100000, 0x0000000080200000, 0x0000000080200000|100%| O|  |TAMS 0x0000000080200000, 0x0000000080200000| Untracked 
|   2|0x0000000080200000, 0x0000000080300000, 0x0000000080300000|100%| O|  |TAMS 0x0000000080300000, 0x0000000080300000| Untracked 
|   3|0x0000000080300000, 0x0000000080400000, 0x0000000080400000|100%| O|  |TAMS 0x0000000080400000, 0x0000000080400000| Untracked 
|   4|0x0000000080400000, 0x0000000080500000, 0x0000000080500000|100%|HS|  |TAMS 0x0000000080500000, 0x0000000080500000| Complete 
|   5|0x0000000080500000, 0x0000000080600000, 0x0000000080600000|100%|HC|  |TAMS 0x0000000080600000, 0x0000000080600000| Complete 
|   6|0x0000000080600000, 0x0000000080700000, 0x0000000080700000|100%|HC|  |TAMS 0x0000000080700000, 0x0000000080700000| Complete 
|   7|0x0000000080700000, 0x0000000080800000, 0x0000000080800000|100%| O|  |TAMS 0x0000000080800000, 0x0000000080800000| Untracked 
|   8|0x0000000080800000, 0x0000000080900000, 0x0000000080900000|100%| O|  |TAMS 0x0000000080900000, 0x0000000080900000| Untracked 
|   9|0x0000000080900000, 0x0000000080a00000, 0x0000000080a00000|100%| O|  |TAMS 0x0000000080a00000, 0x0000000080a00000| Untracked 
|  10|0x0000000080a00000, 0x0000000080b00000, 0x0000000080b00000|100%| O|  |TAMS 0x0000000080b00000, 0x0000000080b00000| Untracked 
|  11|0x0000000080b00000, 0x0000000080c00000, 0x0000000080c00000|100%| O|  |TAMS 0x0000000080c00000, 0x0000000080c00000| Untracked 
|  12|0x0000000080c00000, 0x0000000080d00000, 0x0000000080d00000|100%| O|  |TAMS 0x0000000080d00000, 0x0000000080d00000| Untracked 
|  13|0x0000000080d00000, 0x0000000080e00000, 0x0000000080e00000|100%| O|  |TAMS 0x0000000080e00000, 0x0000000080e00000| Untracked 
|  14|0x0000000080e00000, 0x0000000080f00000, 0x0000000080f00000|100%| O|  |TAMS 0x0000000080f00000, 0x0000000080f00000| Untracked 
|  15|0x0000000080f00000, 0x0000000081000000, 0x0000000081000000|100%| O|  |TAMS 0x0000000081000000, 0x0000000081000000| Untracked 
|  16|0x0000000081000000, 0x0000000081100000, 0x0000000081100000|100%| O|  |TAMS 0x0000000081100000, 0x0000000081100000| Untracked 
|  17|0x0000000081100000, 0x0000000081200000, 0x0000000081200000|100%| O|  |TAMS 0x0000000081200000, 0x0000000081200000| Untracked 
|  18|0x0000000081200000, 0x0000000081300000, 0x0000000081300000|100%| O|  |TAMS 0x0000000081300000, 0x0000000081300000| Untracked 
|  19|0x0000000081300000, 0x0000000081400000, 0x0000000081400000|100%| O|  |TAMS 0x0000000081400000, 0x0000000081400000| Untracked 
|  20|0x0000000081400000, 0x0000000081500000, 0x0000000081500000|100%| O|  |TAMS 0x0000000081500000, 0x0000000081500000| Untracked 
|  21|0x0000000081500000, 0x0000000081600000, 0x0000000081600000|100%| O|  |TAMS 0x0000000081600000, 0x0000000081600000| Untracked 
|  22|0x0000000081600000, 0x0000000081700000, 0x0000000081700000|100%| O|  |TAMS 0x0000000081700000, 0x0000000081700000| Untracked 
|  23|0x0000000081700000, 0x0000000081800000, 0x0000000081800000|100%| O|  |TAMS 0x0000000081800000, 0x0000000081800000| Untracked 
|  24|0x0000000081800000, 0x0000000081900000, 0x0000000081900000|100%| O|  |TAMS 0x0000000081900000, 0x0000000081900000| Untracked 
|  25|0x0000000081900000, 0x0000000081a00000, 0x0000000081a00000|100%| O|  |TAMS 0x0000000081a00000, 0x0000000081a00000| Untracked 
|  26|0x0000000081a00000, 0x0000000081b00000, 0x0000000081b00000|100%| O|  |TAMS 0x0000000081b00000, 0x0000000081b00000| Untracked 
|  27|0x0000000081b00000, 0x0000000081c00000, 0x0000000081c00000|100%| O|  |TAMS 0x0000000081c00000, 0x0000000081c00000| Untracked 
|  28|0x0000000081c00000, 0x0000000081d00000, 0x0000000081d00000|100%| O|  |TAMS 0x0000000081d00000, 0x0000000081d00000| Untracked 
|  29|0x0000000081d00000, 0x0000000081e00000, 0x0000000081e00000|100%| O|  |TAMS 0x0000000081e00000, 0x0000000081e00000| Untracked 
|  30|0x0000000081e00000, 0x0000000081e00000, 0x0000000081f00000|  0%| F|  |TAMS 0x0000000081e00000, 0x0000000081e00000| Untracked 
|  31|0x0000000081f00000, 0x0000000082000000, 0x0000000082000000|100%| O|  |TAMS 0x0000000082000000, 0x0000000082000000| Untracked 
|  32|0x0000000082000000, 0x0000000082100000, 0x0000000082100000|100%|HS|  |TAMS 0x0000000082100000, 0x0000000082100000| Complete 
|  33|0x0000000082100000, 0x0000000082200000, 0x0000000082200000|100%|HS|  |TAMS 0x0000000082200000, 0x0000000082200000| Complete 
|  34|0x0000000082200000, 0x0000000082300000, 0x0000000082300000|100%| O|  |TAMS 0x0000000082300000, 0x0000000082300000| Untracked 
|  35|0x0000000082300000, 0x0000000082400000, 0x0000000082400000|100%|HS|  |TAMS 0x0000000082400000, 0x0000000082400000| Complete 
|  36|0x0000000082400000, 0x0000000082500000, 0x0000000082500000|100%|HS|  |TAMS 0x0000000082500000, 0x0000000082500000| Complete 
|  37|0x0000000082500000, 0x0000000082600000, 0x0000000082600000|100%| O|  |TAMS 0x0000000082600000, 0x0000000082600000| Untracked 
|  38|0x0000000082600000, 0x0000000082700000, 0x0000000082700000|100%|HS|  |TAMS 0x0000000082700000, 0x0000000082700000| Complete 
|  39|0x0000000082700000, 0x0000000082800000, 0x0000000082800000|100%|HC|  |TAMS 0x0000000082800000, 0x0000000082800000| Complete 
|  40|0x0000000082800000, 0x0000000082900000, 0x0000000082900000|100%|HC|  |TAMS 0x0000000082900000, 0x0000000082900000| Complete 
|  41|0x0000000082900000, 0x0000000082a00000, 0x0000000082a00000|100%| O|  |TAMS 0x0000000082a00000, 0x0000000082a00000| Untracked 
|  42|0x0000000082a00000, 0x0000000082b00000, 0x0000000082b00000|100%| O|  |TAMS 0x0000000082b00000, 0x0000000082b00000| Untracked 
|  43|0x0000000082b00000, 0x0000000082c00000, 0x0000000082c00000|100%| O|  |TAMS 0x0000000082c00000, 0x0000000082c00000| Untracked 
|  44|0x0000000082c00000, 0x0000000082d00000, 0x0000000082d00000|100%| O|  |TAMS 0x0000000082d00000, 0x0000000082d00000| Untracked 
|  45|0x0000000082d00000, 0x0000000082e00000, 0x0000000082e00000|100%|HS|  |TAMS 0x0000000082e00000, 0x0000000082e00000| Complete 
|  46|0x0000000082e00000, 0x0000000082f00000, 0x0000000082f00000|100%|HC|  |TAMS 0x0000000082f00000, 0x0000000082f00000| Complete 
|  47|0x0000000082f00000, 0x0000000083000000, 0x0000000083000000|100%| O|  |TAMS 0x0000000083000000, 0x0000000083000000| Untracked 
|  48|0x0000000083000000, 0x0000000083100000, 0x0000000083100000|100%| O|  |TAMS 0x0000000083100000, 0x0000000083100000| Untracked 
|  49|0x0000000083100000, 0x0000000083200000, 0x0000000083200000|100%| O|  |TAMS 0x0000000083200000, 0x0000000083200000| Untracked 
|  50|0x0000000083200000, 0x0000000083300000, 0x0000000083300000|100%| O|  |TAMS 0x0000000083300000, 0x0000000083300000| Untracked 
|  51|0x0000000083300000, 0x0000000083400000, 0x0000000083400000|100%| O|  |TAMS 0x0000000083400000, 0x0000000083400000| Untracked 
|  52|0x0000000083400000, 0x0000000083400000, 0x0000000083500000|  0%| F|  |TAMS 0x0000000083400000, 0x0000000083400000| Untracked 
|  53|0x0000000083500000, 0x0000000083600000, 0x0000000083600000|100%| O|  |TAMS 0x0000000083600000, 0x0000000083600000| Untracked 
|  54|0x0000000083600000, 0x0000000083700000, 0x0000000083700000|100%| O|  |TAMS 0x0000000083700000, 0x0000000083700000| Untracked 
|  55|0x0000000083700000, 0x0000000083700000, 0x0000000083800000|  0%| F|  |TAMS 0x0000000083700000, 0x0000000083700000| Untracked 
|  56|0x0000000083800000, 0x0000000083900000, 0x0000000083900000|100%| O|  |TAMS 0x0000000083900000, 0x0000000083900000| Untracked 
|  57|0x0000000083900000, 0x0000000083a00000, 0x0000000083a00000|100%| O|  |TAMS 0x0000000083a00000, 0x0000000083a00000| Untracked 
|  58|0x0000000083a00000, 0x0000000083b00000, 0x0000000083b00000|100%| O|  |TAMS 0x0000000083b00000, 0x0000000083b00000| Untracked 
|  59|0x0000000083b00000, 0x0000000083b00000, 0x0000000083c00000|  0%| F|  |TAMS 0x0000000083b00000, 0x0000000083b00000| Untracked 
|  60|0x0000000083c00000, 0x0000000083d00000, 0x0000000083d00000|100%| O|  |TAMS 0x0000000083d00000, 0x0000000083d00000| Untracked 
|  61|0x0000000083d00000, 0x0000000083e00000, 0x0000000083e00000|100%| O|  |TAMS 0x0000000083e00000, 0x0000000083e00000| Untracked 
|  62|0x0000000083e00000, 0x0000000083f00000, 0x0000000083f00000|100%| O|  |TAMS 0x0000000083f00000, 0x0000000083f00000| Untracked 
|  63|0x0000000083f00000, 0x0000000084000000, 0x0000000084000000|100%| O|  |TAMS 0x0000000084000000, 0x0000000084000000| Untracked 
|  64|0x0000000084000000, 0x0000000084100000, 0x0000000084100000|100%| O|  |TAMS 0x0000000084100000, 0x0000000084100000| Untracked 
|  65|0x0000000084100000, 0x0000000084200000, 0x0000000084200000|100%| O|  |TAMS 0x0000000084200000, 0x0000000084200000| Untracked 
|  66|0x0000000084200000, 0x0000000084200000, 0x0000000084300000|  0%| F|  |TAMS 0x0000000084200000, 0x0000000084200000| Untracked 
|  67|0x0000000084300000, 0x0000000084400000, 0x0000000084400000|100%| O|  |TAMS 0x0000000084400000, 0x0000000084400000| Untracked 
|  68|0x0000000084400000, 0x0000000084500000, 0x0000000084500000|100%| O|  |TAMS 0x0000000084500000, 0x0000000084500000| Untracked 
|  69|0x0000000084500000, 0x0000000084600000, 0x0000000084600000|100%| O|  |TAMS 0x0000000084600000, 0x0000000084600000| Untracked 
|  70|0x0000000084600000, 0x0000000084700000, 0x0000000084700000|100%| O|  |TAMS 0x0000000084700000, 0x0000000084700000| Untracked 
|  71|0x0000000084700000, 0x0000000084800000, 0x0000000084800000|100%| O|  |TAMS 0x0000000084800000, 0x0000000084800000| Untracked 
|  72|0x0000000084800000, 0x0000000084900000, 0x0000000084900000|100%| O|  |TAMS 0x0000000084900000, 0x0000000084900000| Untracked 
|  73|0x0000000084900000, 0x0000000084a00000, 0x0000000084a00000|100%| O|  |TAMS 0x0000000084a00000, 0x0000000084a00000| Untracked 
|  74|0x0000000084a00000, 0x0000000084b00000, 0x0000000084b00000|100%| O|  |TAMS 0x0000000084b00000, 0x0000000084b00000| Untracked 
|  75|0x0000000084b00000, 0x0000000084c00000, 0x0000000084c00000|100%| O|  |TAMS 0x0000000084c00000, 0x0000000084c00000| Untracked 
|  76|0x0000000084c00000, 0x0000000084d00000, 0x0000000084d00000|100%| O|  |TAMS 0x0000000084d00000, 0x0000000084d00000| Untracked 
|  77|0x0000000084d00000, 0x0000000084e00000, 0x0000000084e00000|100%| O|  |TAMS 0x0000000084e00000, 0x0000000084e00000| Untracked 
|  78|0x0000000084e00000, 0x0000000084f00000, 0x0000000084f00000|100%| O|  |TAMS 0x0000000084f00000, 0x0000000084f00000| Untracked 
|  79|0x0000000084f00000, 0x0000000085000000, 0x0000000085000000|100%| O|  |TAMS 0x0000000085000000, 0x0000000085000000| Untracked 
|  80|0x0000000085000000, 0x0000000085100000, 0x0000000085100000|100%| O|  |TAMS 0x0000000085100000, 0x0000000085100000| Untracked 
|  81|0x0000000085100000, 0x0000000085200000, 0x0000000085200000|100%| O|  |TAMS 0x0000000085200000, 0x0000000085200000| Untracked 
|  82|0x0000000085200000, 0x0000000085300000, 0x0000000085300000|100%| O|  |TAMS 0x0000000085300000, 0x0000000085300000| Untracked 
|  83|0x0000000085300000, 0x0000000085400000, 0x0000000085400000|100%| O|  |TAMS 0x0000000085400000, 0x0000000085400000| Untracked 
|  84|0x0000000085400000, 0x0000000085500000, 0x0000000085500000|100%| O|  |TAMS 0x000000008545be00, 0x0000000085500000| Untracked 
|  85|0x0000000085500000, 0x0000000085600000, 0x0000000085600000|100%| O|  |TAMS 0x0000000085600000, 0x0000000085600000| Untracked 
|  86|0x0000000085600000, 0x0000000085700000, 0x0000000085700000|100%| O|  |TAMS 0x0000000085700000, 0x0000000085700000| Untracked 
|  87|0x0000000085700000, 0x0000000085800000, 0x0000000085800000|100%| O|  |TAMS 0x0000000085800000, 0x0000000085800000| Untracked 
|  88|0x0000000085800000, 0x0000000085900000, 0x0000000085900000|100%| O|  |TAMS 0x0000000085900000, 0x0000000085900000| Untracked 
|  89|0x0000000085900000, 0x0000000085a00000, 0x0000000085a00000|100%| O|  |TAMS 0x0000000085a00000, 0x0000000085a00000| Untracked 
|  90|0x0000000085a00000, 0x0000000085b00000, 0x0000000085b00000|100%| O|  |TAMS 0x0000000085b00000, 0x0000000085b00000| Untracked 
|  91|0x0000000085b00000, 0x0000000085c00000, 0x0000000085c00000|100%| O|  |TAMS 0x0000000085b00000, 0x0000000085c00000| Untracked 
|  92|0x0000000085c00000, 0x0000000085d00000, 0x0000000085d00000|100%| O|  |TAMS 0x0000000085c00000, 0x0000000085d00000| Untracked 
|  93|0x0000000085d00000, 0x0000000085dfe000, 0x0000000085e00000| 99%| O|  |TAMS 0x0000000085d00000, 0x0000000085dfe000| Untracked 
|  94|0x0000000085e00000, 0x0000000085f00000, 0x0000000085f00000|100%| O|  |TAMS 0x0000000085f00000, 0x0000000085f00000| Untracked 
|  95|0x0000000085f00000, 0x0000000086000000, 0x0000000086000000|100%| O|  |TAMS 0x0000000086000000, 0x0000000086000000| Untracked 
|  96|0x0000000086000000, 0x0000000086100000, 0x0000000086100000|100%| O|  |TAMS 0x0000000086100000, 0x0000000086100000| Untracked 
|  97|0x0000000086100000, 0x0000000086200000, 0x0000000086200000|100%| O|  |TAMS 0x0000000086200000, 0x0000000086200000| Untracked 
|  98|0x0000000086200000, 0x0000000086300000, 0x0000000086300000|100%| O|  |TAMS 0x0000000086300000, 0x0000000086300000| Untracked 
|  99|0x0000000086300000, 0x0000000086400000, 0x0000000086400000|100%| O|  |TAMS 0x0000000086400000, 0x0000000086400000| Untracked 
| 100|0x0000000086400000, 0x0000000086500000, 0x0000000086500000|100%| O|  |TAMS 0x0000000086500000, 0x0000000086500000| Untracked 
| 101|0x0000000086500000, 0x0000000086500000, 0x0000000086600000|  0%| F|  |TAMS 0x0000000086500000, 0x0000000086500000| Untracked 
| 102|0x0000000086600000, 0x0000000086600000, 0x0000000086700000|  0%| F|  |TAMS 0x0000000086600000, 0x0000000086600000| Untracked 
| 103|0x0000000086700000, 0x0000000086800000, 0x0000000086800000|100%| O|  |TAMS 0x0000000086800000, 0x0000000086800000| Untracked 
| 104|0x0000000086800000, 0x0000000086800000, 0x0000000086900000|  0%| F|  |TAMS 0x0000000086800000, 0x0000000086800000| Untracked 
| 105|0x0000000086900000, 0x0000000086900000, 0x0000000086a00000|  0%| F|  |TAMS 0x0000000086900000, 0x0000000086900000| Untracked 
| 106|0x0000000086a00000, 0x0000000086a00000, 0x0000000086b00000|  0%| F|  |TAMS 0x0000000086a00000, 0x0000000086a00000| Untracked 
| 107|0x0000000086b00000, 0x0000000086b00000, 0x0000000086c00000|  0%| F|  |TAMS 0x0000000086b00000, 0x0000000086b00000| Untracked 
| 108|0x0000000086c00000, 0x0000000086c00000, 0x0000000086d00000|  0%| F|  |TAMS 0x0000000086c00000, 0x0000000086c00000| Untracked 
| 109|0x0000000086d00000, 0x0000000086d00000, 0x0000000086e00000|  0%| F|  |TAMS 0x0000000086d00000, 0x0000000086d00000| Untracked 
| 110|0x0000000086e00000, 0x0000000086e00000, 0x0000000086f00000|  0%| F|  |TAMS 0x0000000086e00000, 0x0000000086e00000| Untracked 
| 111|0x0000000086f00000, 0x0000000086f00000, 0x0000000087000000|  0%| F|  |TAMS 0x0000000086f00000, 0x0000000086f00000| Untracked 
| 112|0x0000000087000000, 0x0000000087000000, 0x0000000087100000|  0%| F|  |TAMS 0x0000000087000000, 0x0000000087000000| Untracked 
| 113|0x0000000087100000, 0x0000000087100000, 0x0000000087200000|  0%| F|  |TAMS 0x0000000087100000, 0x0000000087100000| Untracked 
| 114|0x0000000087200000, 0x0000000087200000, 0x0000000087300000|  0%| F|  |TAMS 0x0000000087200000, 0x0000000087200000| Untracked 
| 115|0x0000000087300000, 0x0000000087300000, 0x0000000087400000|  0%| F|  |TAMS 0x0000000087300000, 0x0000000087300000| Untracked 
| 116|0x0000000087400000, 0x0000000087400000, 0x0000000087500000|  0%| F|  |TAMS 0x0000000087400000, 0x0000000087400000| Untracked 
| 117|0x0000000087500000, 0x0000000087500000, 0x0000000087600000|  0%| F|  |TAMS 0x0000000087500000, 0x0000000087500000| Untracked 
| 118|0x0000000087600000, 0x0000000087600000, 0x0000000087700000|  0%| F|  |TAMS 0x0000000087600000, 0x0000000087600000| Untracked 
| 119|0x0000000087700000, 0x0000000087700000, 0x0000000087800000|  0%| F|  |TAMS 0x0000000087700000, 0x0000000087700000| Untracked 
| 120|0x0000000087800000, 0x0000000087800000, 0x0000000087900000|  0%| F|  |TAMS 0x0000000087800000, 0x0000000087800000| Untracked 
| 121|0x0000000087900000, 0x0000000087900000, 0x0000000087a00000|  0%| F|  |TAMS 0x0000000087900000, 0x0000000087900000| Untracked 
| 122|0x0000000087a00000, 0x0000000087a00000, 0x0000000087b00000|  0%| F|  |TAMS 0x0000000087a00000, 0x0000000087a00000| Untracked 
| 123|0x0000000087b00000, 0x0000000087b00000, 0x0000000087c00000|  0%| F|  |TAMS 0x0000000087b00000, 0x0000000087b00000| Untracked 
| 124|0x0000000087c00000, 0x0000000087c00000, 0x0000000087d00000|  0%| F|  |TAMS 0x0000000087c00000, 0x0000000087c00000| Untracked 
| 125|0x0000000087d00000, 0x0000000087d00000, 0x0000000087e00000|  0%| F|  |TAMS 0x0000000087d00000, 0x0000000087d00000| Untracked 
| 126|0x0000000087e00000, 0x0000000087e00000, 0x0000000087f00000|  0%| F|  |TAMS 0x0000000087e00000, 0x0000000087e00000| Untracked 
| 127|0x0000000087f00000, 0x0000000087f00000, 0x0000000088000000|  0%| F|  |TAMS 0x0000000087f00000, 0x0000000087f00000| Untracked 
| 128|0x0000000088000000, 0x0000000088000000, 0x0000000088100000|  0%| F|  |TAMS 0x0000000088000000, 0x0000000088000000| Untracked 
| 129|0x0000000088100000, 0x0000000088100000, 0x0000000088200000|  0%| F|  |TAMS 0x0000000088100000, 0x0000000088100000| Untracked 
| 130|0x0000000088200000, 0x0000000088200000, 0x0000000088300000|  0%| F|  |TAMS 0x0000000088200000, 0x0000000088200000| Untracked 
| 131|0x0000000088300000, 0x0000000088300000, 0x0000000088400000|  0%| F|  |TAMS 0x0000000088300000, 0x0000000088300000| Untracked 
| 132|0x0000000088400000, 0x0000000088400000, 0x0000000088500000|  0%| F|  |TAMS 0x0000000088400000, 0x0000000088400000| Untracked 
| 133|0x0000000088500000, 0x0000000088500000, 0x0000000088600000|  0%| F|  |TAMS 0x0000000088500000, 0x0000000088500000| Untracked 
| 134|0x0000000088600000, 0x0000000088600000, 0x0000000088700000|  0%| F|  |TAMS 0x0000000088600000, 0x0000000088600000| Untracked 
| 135|0x0000000088700000, 0x0000000088700000, 0x0000000088800000|  0%| F|  |TAMS 0x0000000088700000, 0x0000000088700000| Untracked 
| 136|0x0000000088800000, 0x0000000088800000, 0x0000000088900000|  0%| F|  |TAMS 0x0000000088800000, 0x0000000088800000| Untracked 
| 137|0x0000000088900000, 0x0000000088900000, 0x0000000088a00000|  0%| F|  |TAMS 0x0000000088900000, 0x0000000088900000| Untracked 
| 138|0x0000000088a00000, 0x0000000088a00000, 0x0000000088b00000|  0%| F|  |TAMS 0x0000000088a00000, 0x0000000088a00000| Untracked 
| 139|0x0000000088b00000, 0x0000000088b00000, 0x0000000088c00000|  0%| F|  |TAMS 0x0000000088b00000, 0x0000000088b00000| Untracked 
| 140|0x0000000088c00000, 0x0000000088c00000, 0x0000000088d00000|  0%| F|  |TAMS 0x0000000088c00000, 0x0000000088c00000| Untracked 
| 141|0x0000000088d00000, 0x0000000088d00000, 0x0000000088e00000|  0%| F|  |TAMS 0x0000000088d00000, 0x0000000088d00000| Untracked 
| 142|0x0000000088e00000, 0x0000000088e00000, 0x0000000088f00000|  0%| F|  |TAMS 0x0000000088e00000, 0x0000000088e00000| Untracked 
| 143|0x0000000088f00000, 0x0000000088f00000, 0x0000000089000000|  0%| F|  |TAMS 0x0000000088f00000, 0x0000000088f00000| Untracked 
| 144|0x0000000089000000, 0x0000000089000000, 0x0000000089100000|  0%| F|  |TAMS 0x0000000089000000, 0x0000000089000000| Untracked 
| 145|0x0000000089100000, 0x0000000089100000, 0x0000000089200000|  0%| F|  |TAMS 0x0000000089100000, 0x0000000089100000| Untracked 
| 146|0x0000000089200000, 0x0000000089200000, 0x0000000089300000|  0%| F|  |TAMS 0x0000000089200000, 0x0000000089200000| Untracked 
| 147|0x0000000089300000, 0x0000000089300000, 0x0000000089400000|  0%| F|  |TAMS 0x0000000089300000, 0x0000000089300000| Untracked 
| 148|0x0000000089400000, 0x0000000089400000, 0x0000000089500000|  0%| F|  |TAMS 0x0000000089400000, 0x0000000089400000| Untracked 
| 149|0x0000000089500000, 0x0000000089500000, 0x0000000089600000|  0%| F|  |TAMS 0x0000000089500000, 0x0000000089500000| Untracked 
| 150|0x0000000089600000, 0x0000000089600000, 0x0000000089700000|  0%| F|  |TAMS 0x0000000089600000, 0x0000000089600000| Untracked 
| 151|0x0000000089700000, 0x0000000089700000, 0x0000000089800000|  0%| F|  |TAMS 0x0000000089700000, 0x0000000089700000| Untracked 
| 152|0x0000000089800000, 0x0000000089800000, 0x0000000089900000|  0%| F|  |TAMS 0x0000000089800000, 0x0000000089800000| Untracked 
| 153|0x0000000089900000, 0x0000000089900000, 0x0000000089a00000|  0%| F|  |TAMS 0x0000000089900000, 0x0000000089900000| Untracked 
| 154|0x0000000089a00000, 0x0000000089a00000, 0x0000000089b00000|  0%| F|  |TAMS 0x0000000089a00000, 0x0000000089a00000| Untracked 
| 155|0x0000000089b00000, 0x0000000089b00000, 0x0000000089c00000|  0%| F|  |TAMS 0x0000000089b00000, 0x0000000089b00000| Untracked 
| 156|0x0000000089c00000, 0x0000000089c00000, 0x0000000089d00000|  0%| F|  |TAMS 0x0000000089c00000, 0x0000000089c00000| Untracked 
| 157|0x0000000089d00000, 0x0000000089d00000, 0x0000000089e00000|  0%| F|  |TAMS 0x0000000089d00000, 0x0000000089d00000| Untracked 
| 158|0x0000000089e00000, 0x0000000089e00000, 0x0000000089f00000|  0%| F|  |TAMS 0x0000000089e00000, 0x0000000089e00000| Untracked 
| 159|0x0000000089f00000, 0x0000000089f00000, 0x000000008a000000|  0%| F|  |TAMS 0x0000000089f00000, 0x0000000089f00000| Untracked 
| 160|0x000000008a000000, 0x000000008a000000, 0x000000008a100000|  0%| F|  |TAMS 0x000000008a000000, 0x000000008a000000| Untracked 
| 161|0x000000008a100000, 0x000000008a100000, 0x000000008a200000|  0%| F|  |TAMS 0x000000008a100000, 0x000000008a100000| Untracked 
| 162|0x000000008a200000, 0x000000008a200000, 0x000000008a300000|  0%| F|  |TAMS 0x000000008a200000, 0x000000008a200000| Untracked 
| 163|0x000000008a300000, 0x000000008a300000, 0x000000008a400000|  0%| F|  |TAMS 0x000000008a300000, 0x000000008a300000| Untracked 
| 164|0x000000008a400000, 0x000000008a400000, 0x000000008a500000|  0%| F|  |TAMS 0x000000008a400000, 0x000000008a400000| Untracked 
| 165|0x000000008a500000, 0x000000008a500000, 0x000000008a600000|  0%| F|  |TAMS 0x000000008a500000, 0x000000008a500000| Untracked 
| 166|0x000000008a600000, 0x000000008a600000, 0x000000008a700000|  0%| F|  |TAMS 0x000000008a600000, 0x000000008a600000| Untracked 
| 167|0x000000008a700000, 0x000000008a700000, 0x000000008a800000|  0%| F|  |TAMS 0x000000008a700000, 0x000000008a700000| Untracked 
| 168|0x000000008a800000, 0x000000008a800000, 0x000000008a900000|  0%| F|  |TAMS 0x000000008a800000, 0x000000008a800000| Untracked 
| 169|0x000000008a900000, 0x000000008a900000, 0x000000008aa00000|  0%| F|  |TAMS 0x000000008a900000, 0x000000008a900000| Untracked 
| 170|0x000000008aa00000, 0x000000008aa00000, 0x000000008ab00000|  0%| F|  |TAMS 0x000000008aa00000, 0x000000008aa00000| Untracked 
| 171|0x000000008ab00000, 0x000000008ab00000, 0x000000008ac00000|  0%| F|  |TAMS 0x000000008ab00000, 0x000000008ab00000| Untracked 
| 172|0x000000008ac00000, 0x000000008ac00000, 0x000000008ad00000|  0%| F|  |TAMS 0x000000008ac00000, 0x000000008ac00000| Untracked 
| 173|0x000000008ad00000, 0x000000008ad00000, 0x000000008ae00000|  0%| F|  |TAMS 0x000000008ad00000, 0x000000008ad00000| Untracked 
| 174|0x000000008ae00000, 0x000000008ae00000, 0x000000008af00000|  0%| F|  |TAMS 0x000000008ae00000, 0x000000008ae00000| Untracked 
| 175|0x000000008af00000, 0x000000008af00000, 0x000000008b000000|  0%| F|  |TAMS 0x000000008af00000, 0x000000008af00000| Untracked 
| 176|0x000000008b000000, 0x000000008b000000, 0x000000008b100000|  0%| F|  |TAMS 0x000000008b000000, 0x000000008b000000| Untracked 
| 177|0x000000008b100000, 0x000000008b100000, 0x000000008b200000|  0%| F|  |TAMS 0x000000008b100000, 0x000000008b100000| Untracked 
| 178|0x000000008b200000, 0x000000008b200000, 0x000000008b300000|  0%| F|  |TAMS 0x000000008b200000, 0x000000008b200000| Untracked 
| 179|0x000000008b300000, 0x000000008b300000, 0x000000008b400000|  0%| F|  |TAMS 0x000000008b300000, 0x000000008b300000| Untracked 
| 180|0x000000008b400000, 0x000000008b400000, 0x000000008b500000|  0%| F|  |TAMS 0x000000008b400000, 0x000000008b400000| Untracked 
| 181|0x000000008b500000, 0x000000008b500000, 0x000000008b600000|  0%| F|  |TAMS 0x000000008b500000, 0x000000008b500000| Untracked 
| 182|0x000000008b600000, 0x000000008b600000, 0x000000008b700000|  0%| F|  |TAMS 0x000000008b600000, 0x000000008b600000| Untracked 
| 183|0x000000008b700000, 0x000000008b700000, 0x000000008b800000|  0%| F|  |TAMS 0x000000008b700000, 0x000000008b700000| Untracked 
| 184|0x000000008b800000, 0x000000008b800000, 0x000000008b900000|  0%| F|  |TAMS 0x000000008b800000, 0x000000008b800000| Untracked 
| 185|0x000000008b900000, 0x000000008b900000, 0x000000008ba00000|  0%| F|  |TAMS 0x000000008b900000, 0x000000008b900000| Untracked 
| 186|0x000000008ba00000, 0x000000008ba00000, 0x000000008bb00000|  0%| F|  |TAMS 0x000000008ba00000, 0x000000008ba00000| Untracked 
| 187|0x000000008bb00000, 0x000000008bb00000, 0x000000008bc00000|  0%| F|  |TAMS 0x000000008bb00000, 0x000000008bb00000| Untracked 
| 188|0x000000008bc00000, 0x000000008bc00000, 0x000000008bd00000|  0%| F|  |TAMS 0x000000008bc00000, 0x000000008bc00000| Untracked 
| 189|0x000000008bd00000, 0x000000008be00000, 0x000000008be00000|100%| S|CS|TAMS 0x000000008bd00000, 0x000000008bd00000| Complete 
| 190|0x000000008be00000, 0x000000008be00000, 0x000000008bf00000|  0%| F|  |TAMS 0x000000008be00000, 0x000000008be00000| Untracked 

Card table byte_map: [0x000001cd52c40000,0x000001cd53040000] _byte_map_base: 0x000001cd52840000

Marking Bits (Prev, Next): (CMBitMap*) 0x000001cd3e199a88, (CMBitMap*) 0x000001cd3e199ac0
 Prev Bits: [0x000001cd53440000, 0x000001cd55440000)
 Next Bits: [0x000001cd55440000, 0x000001cd57440000)

Polling page: 0x000001cd3e230000

Metaspace:

Usage:
  Non-class:    106.93 MB capacity,   105.03 MB ( 98%) used,     1.50 MB (  1%) free+waste,   413.63 KB ( <1%) overhead. 
      Class:     16.26 MB capacity,    15.04 MB ( 93%) used,     1.04 MB (  6%) free+waste,   178.25 KB (  1%) overhead. 
       Both:    123.19 MB capacity,   120.07 MB ( 97%) used,     2.55 MB (  2%) free+waste,   591.88 KB ( <1%) overhead. 

Virtual space:
  Non-class space:      108.00 MB reserved,     107.15 MB (>99%) committed 
      Class space:        1.00 GB reserved,      16.38 MB (  2%) committed 
             Both:        1.11 GB reserved,     123.53 MB ( 11%) committed 

Chunk freelists:
   Non-Class:  32.00 KB
       Class:  61.00 KB
        Both:  93.00 KB

MaxMetaspaceSize: 17179869184.00 GB
CompressedClassSpaceSize: 1.00 GB

CodeHeap 'non-profiled nmethods': size=120064Kb used=15510Kb max_used=15510Kb free=104553Kb
 bounds [0x000001cd4aee0000, 0x000001cd4be10000, 0x000001cd52420000]
CodeHeap 'profiled nmethods': size=120000Kb used=48678Kb max_used=48678Kb free=71321Kb
 bounds [0x000001cd439b0000, 0x000001cd46960000, 0x000001cd4aee0000]
CodeHeap 'non-nmethods': size=5696Kb used=2378Kb max_used=2436Kb free=3317Kb
 bounds [0x000001cd43420000, 0x000001cd43690000, 0x000001cd439b0000]
 total_blobs=22119 nmethods=21101 adapters=927
 compilation: enabled
              stopped_count=0, restarted_count=0
 full_count=0

Compilation events (20 events):
Event: 6850.840 Thread 0x000001cd59894800 23069       3       com.android.zipflinger.ZipSourceEntry::<init> (51 bytes)
Event: 6850.840 Thread 0x000001cd59894800 nmethod 23069 0x000001cd4694e890 code [0x000001cd4694ea60, 0x000001cd4694ed08]
Event: 6850.844 Thread 0x000001cd59894800 23070  s    3       jdk.internal.ref.Cleaner::add (26 bytes)
Event: 6850.844 Thread 0x000001cd59894800 nmethod 23070 0x000001cd4694ee10 code [0x000001cd4694efe0, 0x000001cd4694f3b8]
Event: 6850.845 Thread 0x000001cd59894800 23071   !   3       sun.nio.ch.FileChannelImpl$Unmapper::<init> (93 bytes)
Event: 6850.846 Thread 0x000001cd59894800 nmethod 23071 0x000001cd4694f510 code [0x000001cd4694f6e0, 0x000001cd4694fa78]
Event: 6850.846 Thread 0x000001cd59894800 23072   !   3       sun.nio.ch.Util::newMappedByteBufferR (65 bytes)
Event: 6850.874 Thread 0x000001cd59894800 nmethod 23072 0x000001cd4694fb90 code [0x000001cd4694fe80, 0x000001cd46951048]
Event: 6850.931 Thread 0x000001cd59891800 23073       4       java.lang.System::lineSeparator (4 bytes)
Event: 6850.932 Thread 0x000001cd59891800 nmethod 23073 0x000001cd4be01390 code [0x000001cd4be01520, 0x000001cd4be01578]
Event: 6851.434 Thread 0x000001cd59891800 23074 % !   4       com.android.signflinger.SignedApk::processRequest @ 58 (133 bytes)
Event: 6851.495 Thread 0x000001cd59891800 nmethod 23074% 0x000001cd4be01610 code [0x000001cd4be018a0, 0x000001cd4be03300]
Event: 6851.581 Thread 0x000001cd59891800 23075       4       java.util.ComparableTimSort::binarySort (223 bytes)
Event: 6851.597 Thread 0x000001cd59891800 nmethod 23075 0x000001cd4be04110 code [0x000001cd4be042c0, 0x000001cd4be04c78]
Event: 6851.652 Thread 0x000001cd59891800 23076       4       java.math.MutableBigInteger::getLowestSetBit (74 bytes)
Event: 6851.662 Thread 0x000001cd59891800 nmethod 23076 0x000001cd4be05090 code [0x000001cd4be05220, 0x000001cd4be05398]
Event: 6851.662 Thread 0x000001cd59891800 23078       4       java.math.MutableBigInteger::leftShift (293 bytes)
Event: 6851.702 Thread 0x000001cd59891800 nmethod 23078 0x000001cd4be05510 code [0x000001cd4be056e0, 0x000001cd4be06218]
Event: 6851.702 Thread 0x000001cd59891800 23077       4       java.math.MutableBigInteger::rightShift (79 bytes)
Event: 6851.718 Thread 0x000001cd59891800 nmethod 23077 0x000001cd4be06690 code [0x000001cd4be06840, 0x000001cd4be06d38]

GC Heap History (20 events):
Event: 6774.939 GC heap after
{Heap after GC invocations=232 (full 0):
 garbage-first heap   total 195584K, used 102160K [0x0000000080000000, 0x0000000100000000)
  region size 1024K, 2 young (2048K), 2 survivors (2048K)
 Metaspace       used 122847K, capacity 126113K, committed 126492K, reserved 1159168K
  class space    used 15398K, capacity 16643K, committed 16768K, reserved 1048576K
}
Event: 6786.037 GC heap before
{Heap before GC invocations=233 (full 0):
 garbage-first heap   total 195584K, used 109328K [0x0000000080000000, 0x0000000100000000)
  region size 1024K, 9 young (9216K), 2 survivors (2048K)
 Metaspace       used 122857K, capacity 126120K, committed 126492K, reserved 1159168K
  class space    used 15399K, capacity 16644K, committed 16768K, reserved 1048576K
}
Event: 6786.196 GC heap after
{Heap after GC invocations=234 (full 0):
 garbage-first heap   total 195584K, used 104354K [0x0000000080000000, 0x0000000100000000)
  region size 1024K, 2 young (2048K), 2 survivors (2048K)
 Metaspace       used 122857K, capacity 126120K, committed 126492K, reserved 1159168K
  class space    used 15399K, capacity 16644K, committed 16768K, reserved 1048576K
}
Event: 6787.318 GC heap before
{Heap before GC invocations=234 (full 0):
 garbage-first heap   total 195584K, used 111522K [0x0000000080000000, 0x0000000100000000)
  region size 1024K, 9 young (9216K), 2 survivors (2048K)
 Metaspace       used 122870K, capacity 126125K, committed 126492K, reserved 1159168K
  class space    used 15399K, capacity 16644K, committed 16768K, reserved 1048576K
}
Event: 6787.448 GC heap after
{Heap after GC invocations=235 (full 0):
 garbage-first heap   total 195584K, used 102210K [0x0000000080000000, 0x0000000100000000)
  region size 1024K, 2 young (2048K), 2 survivors (2048K)
 Metaspace       used 122870K, capacity 126125K, committed 126492K, reserved 1159168K
  class space    used 15399K, capacity 16644K, committed 16768K, reserved 1048576K
}
Event: 6787.917 GC heap before
{Heap before GC invocations=235 (full 0):
 garbage-first heap   total 195584K, used 108354K [0x0000000080000000, 0x0000000100000000)
  region size 1024K, 9 young (9216K), 2 survivors (2048K)
 Metaspace       used 122873K, capacity 126125K, committed 126492K, reserved 1159168K
  class space    used 15399K, capacity 16644K, committed 16768K, reserved 1048576K
}
Event: 6788.097 GC heap after
{Heap after GC invocations=236 (full 0):
 garbage-first heap   total 195584K, used 102029K [0x0000000080000000, 0x0000000100000000)
  region size 1024K, 1 young (1024K), 1 survivors (1024K)
 Metaspace       used 122873K, capacity 126125K, committed 126492K, reserved 1159168K
  class space    used 15399K, capacity 16644K, committed 16768K, reserved 1048576K
}
Event: 6792.536 GC heap before
{Heap before GC invocations=236 (full 0):
 garbage-first heap   total 195584K, used 110221K [0x0000000080000000, 0x0000000100000000)
  region size 1024K, 9 young (9216K), 1 survivors (1024K)
 Metaspace       used 122875K, capacity 126125K, committed 126492K, reserved 1159168K
  class space    used 15399K, capacity 16644K, committed 16768K, reserved 1048576K
}
Event: 6792.595 GC heap after
{Heap after GC invocations=237 (full 0):
 garbage-first heap   total 195584K, used 103419K [0x0000000080000000, 0x0000000100000000)
  region size 1024K, 2 young (2048K), 2 survivors (2048K)
 Metaspace       used 122875K, capacity 126125K, committed 126492K, reserved 1159168K
  class space    used 15399K, capacity 16644K, committed 16768K, reserved 1048576K
}
Event: 6792.901 GC heap before
{Heap before GC invocations=237 (full 0):
 garbage-first heap   total 195584K, used 110587K [0x0000000080000000, 0x0000000100000000)
  region size 1024K, 9 young (9216K), 2 survivors (2048K)
 Metaspace       used 122876K, capacity 126125K, committed 126492K, reserved 1159168K
  class space    used 15399K, capacity 16644K, committed 16768K, reserved 1048576K
}
Event: 6793.008 GC heap after
{Heap after GC invocations=238 (full 0):
 garbage-first heap   total 195584K, used 104326K [0x0000000080000000, 0x0000000100000000)
  region size 1024K, 2 young (2048K), 2 survivors (2048K)
 Metaspace       used 122876K, capacity 126125K, committed 126492K, reserved 1159168K
  class space    used 15399K, capacity 16644K, committed 16768K, reserved 1048576K
}
Event: 6794.618 GC heap before
{Heap before GC invocations=239 (full 0):
 garbage-first heap   total 195584K, used 111494K [0x0000000080000000, 0x0000000100000000)
  region size 1024K, 9 young (9216K), 2 survivors (2048K)
 Metaspace       used 122878K, capacity 126125K, committed 126492K, reserved 1159168K
  class space    used 15399K, capacity 16644K, committed 16768K, reserved 1048576K
}
Event: 6794.626 GC heap after
{Heap after GC invocations=240 (full 0):
 garbage-first heap   total 195584K, used 104384K [0x0000000080000000, 0x0000000100000000)
  region size 1024K, 1 young (1024K), 1 survivors (1024K)
 Metaspace       used 122878K, capacity 126125K, committed 126492K, reserved 1159168K
  class space    used 15399K, capacity 16644K, committed 16768K, reserved 1048576K
}
Event: 6814.737 GC heap before
{Heap before GC invocations=240 (full 0):
 garbage-first heap   total 195584K, used 114624K [0x0000000080000000, 0x0000000100000000)
  region size 1024K, 12 young (12288K), 1 survivors (1024K)
 Metaspace       used 122923K, capacity 126139K, committed 126492K, reserved 1159168K
  class space    used 15400K, capacity 16645K, committed 16768K, reserved 1048576K
}
Event: 6814.955 GC heap after
{Heap after GC invocations=241 (full 0):
 garbage-first heap   total 195584K, used 102419K [0x0000000080000000, 0x0000000100000000)
  region size 1024K, 1 young (1024K), 1 survivors (1024K)
 Metaspace       used 122923K, capacity 126139K, committed 126492K, reserved 1159168K
  class space    used 15400K, capacity 16645K, committed 16768K, reserved 1048576K
}
Event: 6845.274 GC heap before
{Heap before GC invocations=242 (full 0):
 garbage-first heap   total 195584K, used 112659K [0x0000000080000000, 0x0000000100000000)
  region size 1024K, 11 young (11264K), 1 survivors (1024K)
 Metaspace       used 122941K, capacity 126148K, committed 126492K, reserved 1159168K
  class space    used 15401K, capacity 16648K, committed 16768K, reserved 1048576K
}
Event: 6845.284 GC heap after
{Heap after GC invocations=243 (full 0):
 garbage-first heap   total 195584K, used 102528K [0x0000000080000000, 0x0000000100000000)
  region size 1024K, 1 young (1024K), 1 survivors (1024K)
 Metaspace       used 122941K, capacity 126148K, committed 126492K, reserved 1159168K
  class space    used 15401K, capacity 16648K, committed 16768K, reserved 1048576K
}
Event: 6851.945 GC heap before
{Heap before GC invocations=243 (full 0):
 garbage-first heap   total 195584K, used 134272K [0x0000000080000000, 0x0000000100000000)
  region size 1024K, 9 young (9216K), 1 survivors (1024K)
 Metaspace       used 122948K, capacity 126148K, committed 126492K, reserved 1159168K
  class space    used 15401K, capacity 16648K, committed 16768K, reserved 1048576K
}
Event: 6853.636 GC heap after
{Heap after GC invocations=244 (full 0):
 garbage-first heap   total 195584K, used 100344K [0x0000000080000000, 0x0000000100000000)
  region size 1024K, 1 young (1024K), 1 survivors (1024K)
 Metaspace       used 122948K, capacity 126148K, committed 126492K, reserved 1159168K
  class space    used 15401K, capacity 16648K, committed 16768K, reserved 1048576K
}
Event: 6853.648 GC heap before
{Heap before GC invocations=244 (full 0):
 garbage-first heap   total 195584K, used 100344K [0x0000000080000000, 0x0000000100000000)
  region size 1024K, 2 young (2048K), 1 survivors (1024K)
 Metaspace       used 122948K, capacity 126148K, committed 126492K, reserved 1159168K
  class space    used 15401K, capacity 16648K, committed 16768K, reserved 1048576K
}

Deoptimization events (20 events):
Event: 6793.603 Thread 0x000001cd5ade6000 DEOPT PACKING pc=0x000001cd4bdbc5e8 sp=0x000000a6bcbfbe00
Event: 6793.603 Thread 0x000001cd5ade6000 DEOPT UNPACKING pc=0x000001cd434462a9 sp=0x000000a6bcbfbd80 mode 2
Event: 6793.603 Thread 0x000001cd5ade6000 Uncommon trap: trap_request=0xffffffbe fr.pc=0x000001cd4bdbc5e8 relative=0x0000000000000ca8
Event: 6793.603 Thread 0x000001cd5ade6000 Uncommon trap: reason=profile_predicate action=maybe_recompile pc=0x000001cd4bdbc5e8 method=com.android.tools.r8.ir.regalloc.b.a(ILcom/android/tools/r8/internal/Bk1;ZI)I @ 12 c2
Event: 6793.603 Thread 0x000001cd5ade6000 DEOPT PACKING pc=0x000001cd4bdbc5e8 sp=0x000000a6bcbfbe00
Event: 6793.603 Thread 0x000001cd5ade6000 DEOPT UNPACKING pc=0x000001cd434462a9 sp=0x000000a6bcbfbd80 mode 2
Event: 6793.603 Thread 0x000001cd5ade6000 Uncommon trap: trap_request=0xffffffbe fr.pc=0x000001cd4bdbc5e8 relative=0x0000000000000ca8
Event: 6793.603 Thread 0x000001cd5ade6000 Uncommon trap: reason=profile_predicate action=maybe_recompile pc=0x000001cd4bdbc5e8 method=com.android.tools.r8.ir.regalloc.b.a(ILcom/android/tools/r8/internal/Bk1;ZI)I @ 12 c2
Event: 6793.603 Thread 0x000001cd5ade6000 DEOPT PACKING pc=0x000001cd4bdbc5e8 sp=0x000000a6bcbfbe00
Event: 6793.604 Thread 0x000001cd5ade6000 DEOPT UNPACKING pc=0x000001cd434462a9 sp=0x000000a6bcbfbd80 mode 2
Event: 6794.775 Thread 0x000001cd5ade6000 DEOPT PACKING pc=0x000001cd46132e05 sp=0x000000a6bcbfd950
Event: 6794.775 Thread 0x000001cd5ade6000 DEOPT UNPACKING pc=0x000001cd434466bf sp=0x000000a6bcbfcf08 mode 0
Event: 6794.869 Thread 0x000001cd5ade6000 DEOPT PACKING pc=0x000001cd4603f803 sp=0x000000a6bcbfd7b0
Event: 6794.869 Thread 0x000001cd5ade6000 DEOPT UNPACKING pc=0x000001cd434466bf sp=0x000000a6bcbfcc68 mode 0
Event: 6803.704 Thread 0x000001cd627cd800 Uncommon trap: trap_request=0xffffffde fr.pc=0x000001cd4bde9c38 relative=0x0000000000002eb8
Event: 6803.704 Thread 0x000001cd627cd800 Uncommon trap: reason=class_check action=maybe_recompile pc=0x000001cd4bde9c38 method=java.util.concurrent.ThreadPoolExecutor.getTask()Ljava/lang/Runnable; @ 137 c2
Event: 6803.704 Thread 0x000001cd627cd800 DEOPT PACKING pc=0x000001cd4bde9c38 sp=0x000000a6bfbfe9b0
Event: 6803.704 Thread 0x000001cd627cd800 DEOPT UNPACKING pc=0x000001cd434462a9 sp=0x000000a6bfbfe9b0 mode 2
Event: 6813.986 Thread 0x000001cd627cd800 DEOPT PACKING pc=0x000001cd46251e95 sp=0x000000a6bfbfcca0
Event: 6813.986 Thread 0x000001cd627cd800 DEOPT UNPACKING pc=0x000001cd434466bf sp=0x000000a6bfbfc160 mode 0

Classes redefined (0 events):
No events

Internal exceptions (20 events):
Event: 6626.030 Thread 0x000001cd5ca3d800 Exception <a 'sun/nio/fs/WindowsException'{0x000000008b9edf40}> (0x000000008b9edf40) thrown at [./src/hotspot/share/prims/jni.cpp, line 615]
Event: 6626.031 Thread 0x000001cd5ca3d800 Exception <a 'sun/nio/fs/WindowsException'{0x000000008b9ef2c8}> (0x000000008b9ef2c8) thrown at [./src/hotspot/share/prims/jni.cpp, line 615]
Event: 6626.032 Thread 0x000001cd5ca3d800 Exception <a 'sun/nio/fs/WindowsException'{0x000000008b9f06a0}> (0x000000008b9f06a0) thrown at [./src/hotspot/share/prims/jni.cpp, line 615]
Event: 6626.032 Thread 0x000001cd5ca3d800 Exception <a 'sun/nio/fs/WindowsException'{0x000000008b9f1a78}> (0x000000008b9f1a78) thrown at [./src/hotspot/share/prims/jni.cpp, line 615]
Event: 6638.580 Thread 0x000001cd627cc800 Exception <a 'java/lang/InterruptedException'{0x000000008be2ad28}> (0x000000008be2ad28) thrown at [./src/hotspot/share/runtime/objectMonitor.cpp, line 1635]
Event: 6785.439 Thread 0x000001cd5ade6000 Exception <a 'sun/nio/fs/WindowsException'{0x000000008bb0c1c8}> (0x000000008bb0c1c8) thrown at [./src/hotspot/share/prims/jni.cpp, line 615]
Event: 6794.877 Thread 0x000001cd5ade6000 Exception <a 'sun/nio/fs/WindowsException'{0x000000008be764b8}> (0x000000008be764b8) thrown at [./src/hotspot/share/prims/jni.cpp, line 615]
Event: 6795.915 Thread 0x000001cd5ade6000 Exception <a 'sun/nio/fs/WindowsException'{0x000000008be7e9a8}> (0x000000008be7e9a8) thrown at [./src/hotspot/share/prims/jni.cpp, line 615]
Event: 6795.920 Thread 0x000001cd5ade6000 Exception <a 'sun/nio/fs/WindowsException'{0x000000008be86aa0}> (0x000000008be86aa0) thrown at [./src/hotspot/share/prims/jni.cpp, line 615]
Event: 6795.929 Thread 0x000001cd5ade6000 Exception <a 'sun/nio/fs/WindowsException'{0x000000008bef5580}> (0x000000008bef5580) thrown at [./src/hotspot/share/prims/jni.cpp, line 615]
Event: 6796.416 Thread 0x000001cd5ade6000 Exception <a 'sun/nio/fs/WindowsException'{0x000000008befd9e0}> (0x000000008befd9e0) thrown at [./src/hotspot/share/prims/jni.cpp, line 615]
Event: 6796.422 Thread 0x000001cd5ade6000 Exception <a 'sun/nio/fs/WindowsException'{0x000000008bdcc6a0}> (0x000000008bdcc6a0) thrown at [./src/hotspot/share/prims/jni.cpp, line 615]
Event: 6796.583 Thread 0x000001cd5ade6000 Exception <a 'sun/nio/fs/WindowsException'{0x000000008bdf9c20}> (0x000000008bdf9c20) thrown at [./src/hotspot/share/prims/jni.cpp, line 615]
Event: 6796.863 Thread 0x000001cd5ade6000 Exception <a 'sun/nio/fs/WindowsException'{0x000000008bcc7740}> (0x000000008bcc7740) thrown at [./src/hotspot/share/prims/jni.cpp, line 615]
Event: 6813.450 Thread 0x000001cd627cd800 Exception <a 'sun/nio/fs/WindowsException'{0x000000008b824b20}> (0x000000008b824b20) thrown at [./src/hotspot/share/prims/jni.cpp, line 615]
Event: 6814.525 Thread 0x000001cd627cd800 Exception <a 'sun/nio/fs/WindowsException'{0x000000008b3f03f8}> (0x000000008b3f03f8) thrown at [./src/hotspot/share/prims/jni.cpp, line 615]
Event: 6842.562 Thread 0x000001cd5ca3d800 Exception <a 'sun/nio/fs/WindowsException'{0x000000008bd13340}> (0x000000008bd13340) thrown at [./src/hotspot/share/prims/jni.cpp, line 615]
Event: 6842.562 Thread 0x000001cd5ca3d800 Exception <a 'sun/nio/fs/WindowsException'{0x000000008bd14c60}> (0x000000008bd14c60) thrown at [./src/hotspot/share/prims/jni.cpp, line 615]
Event: 6845.692 Thread 0x000001cd5ade6000 Exception <a 'sun/nio/fs/WindowsException'{0x000000008b968898}> (0x000000008b968898) thrown at [./src/hotspot/share/prims/jni.cpp, line 615]
Event: 6845.692 Thread 0x000001cd5ade6000 Exception <a 'sun/nio/fs/WindowsException'{0x000000008b9689e0}> (0x000000008b9689e0) thrown at [./src/hotspot/share/prims/jni.cpp, line 615]

Events (20 events):
Event: 6853.636 Executing VM operation: G1CollectForAllocation done
Event: 6853.636 Executing VM operation: RevokeBias
Event: 6853.637 Executing VM operation: RevokeBias done
Event: 6853.637 Executing VM operation: RevokeBias
Event: 6853.637 Executing VM operation: RevokeBias done
Event: 6853.638 Executing VM operation: RevokeBias
Event: 6853.638 Executing VM operation: RevokeBias done
Event: 6853.638 Executing VM operation: RevokeBias
Event: 6853.638 Executing VM operation: RevokeBias done
Event: 6853.639 Executing VM operation: RevokeBias
Event: 6853.639 Executing VM operation: RevokeBias done
Event: 6853.639 Executing VM operation: RevokeBias
Event: 6853.639 Executing VM operation: RevokeBias done
Event: 6853.640 Executing VM operation: RevokeBias
Event: 6853.640 Executing VM operation: RevokeBias done
Event: 6853.641 Executing VM operation: RevokeBias
Event: 6853.641 Executing VM operation: RevokeBias done
Event: 6853.641 Executing VM operation: RevokeBias
Event: 6853.642 Executing VM operation: RevokeBias done
Event: 6853.648 Executing VM operation: G1CollectForAllocation


Dynamic libraries:
0x00007ff70b040000 - 0x00007ff70b04a000 	C:\Program Files\Android\Android Studio\jre\bin\java.exe
0x00007ff88fbd0000 - 0x00007ff88fde2000 	C:\WINDOWS\SYSTEM32\ntdll.dll
0x00007ff88e8b0000 - 0x00007ff88e972000 	C:\WINDOWS\System32\KERNEL32.DLL
0x00007ff88d650000 - 0x00007ff88d9eb000 	C:\WINDOWS\System32\KERNELBASE.dll
0x00007ff88d020000 - 0x00007ff88d131000 	C:\WINDOWS\System32\ucrtbase.dll
0x00007ff86d710000 - 0x00007ff86d727000 	C:\Program Files\Android\Android Studio\jre\bin\VCRUNTIME140.dll
0x00007ff86a2f0000 - 0x00007ff86a309000 	C:\Program Files\Android\Android Studio\jre\bin\jli.dll
0x00007ff88e280000 - 0x00007ff88e42b000 	C:\WINDOWS\System32\USER32.dll
0x00007ff88d140000 - 0x00007ff88d166000 	C:\WINDOWS\System32\win32u.dll
0x00007ff886c50000 - 0x00007ff886ede000 	C:\WINDOWS\WinSxS\amd64_microsoft.windows.common-controls_6595b64144ccf1df_6.0.22598.1_none_5f058c2d9dc925ef\COMCTL32.dll
0x00007ff88e980000 - 0x00007ff88ea25000 	C:\WINDOWS\System32\msvcrt.dll
0x00007ff88fa70000 - 0x00007ff88fa99000 	C:\WINDOWS\System32\GDI32.dll
0x00007ff88d530000 - 0x00007ff88d648000 	C:\WINDOWS\System32\gdi32full.dll
0x00007ff88d490000 - 0x00007ff88d52a000 	C:\WINDOWS\System32\msvcp_win.dll
0x00007ff88e870000 - 0x00007ff88e8a1000 	C:\WINDOWS\System32\IMM32.DLL
0x00007ff857850000 - 0x00007ff8578ed000 	C:\Program Files\Android\Android Studio\jre\bin\msvcp140.dll
0x00007ff846cc0000 - 0x00007ff847795000 	C:\Program Files\Android\Android Studio\jre\bin\server\jvm.dll
0x00007ff88e460000 - 0x00007ff88e50e000 	C:\WINDOWS\System32\ADVAPI32.dll
0x00007ff88db70000 - 0x00007ff88dc14000 	C:\WINDOWS\System32\sechost.dll
0x00007ff88dc20000 - 0x00007ff88dd35000 	C:\WINDOWS\System32\RPCRT4.dll
0x00007ff870f10000 - 0x00007ff870f44000 	C:\WINDOWS\SYSTEM32\WINMM.dll
0x00007ff8893b0000 - 0x00007ff8893ba000 	C:\WINDOWS\SYSTEM32\VERSION.dll
0x00007ff88e270000 - 0x00007ff88e278000 	C:\WINDOWS\System32\PSAPI.DLL
0x00007ff88a4c0000 - 0x00007ff88a4c9000 	C:\WINDOWS\SYSTEM32\WSOCK32.dll
0x00007ff88fb10000 - 0x00007ff88fb81000 	C:\WINDOWS\System32\WS2_32.dll
0x00007ff88c050000 - 0x00007ff88c068000 	C:\WINDOWS\SYSTEM32\kernel.appcore.dll
0x00007ff882070000 - 0x00007ff882081000 	C:\Program Files\Android\Android Studio\jre\bin\verify.dll
0x00007ff88ace0000 - 0x00007ff88af0e000 	C:\WINDOWS\SYSTEM32\DBGHELP.DLL
0x00007ff88dd40000 - 0x00007ff88e0c6000 	C:\WINDOWS\System32\combase.dll
0x00007ff88f4a0000 - 0x00007ff88f577000 	C:\WINDOWS\System32\OLEAUT32.dll
0x00007ff887130000 - 0x00007ff887162000 	C:\WINDOWS\SYSTEM32\dbgcore.DLL
0x00007ff88d410000 - 0x00007ff88d48b000 	C:\WINDOWS\System32\bcryptPrimitives.dll
0x00007ff87cc60000 - 0x00007ff87cc89000 	C:\Program Files\Android\Android Studio\jre\bin\java.dll
0x00007ff886aa0000 - 0x00007ff886aab000 	C:\Program Files\Android\Android Studio\jre\bin\jimage.dll
0x00007ff882020000 - 0x00007ff882038000 	C:\Program Files\Android\Android Studio\jre\bin\zip.dll
0x00007ff88eb60000 - 0x00007ff88f33c000 	C:\WINDOWS\System32\SHELL32.dll
0x00007ff88af20000 - 0x00007ff88b7d6000 	C:\WINDOWS\SYSTEM32\windows.storage.dll
0x00007ff88b810000 - 0x00007ff88b94d000 	C:\WINDOWS\SYSTEM32\wintypes.dll
0x00007ff88f3a0000 - 0x00007ff88f491000 	C:\WINDOWS\System32\SHCORE.dll
0x00007ff88fab0000 - 0x00007ff88fb0e000 	C:\WINDOWS\System32\shlwapi.dll
0x00007ff88cf50000 - 0x00007ff88cf71000 	C:\WINDOWS\SYSTEM32\profapi.dll
0x00007ff878620000 - 0x00007ff87863a000 	C:\Program Files\Android\Android Studio\jre\bin\net.dll
0x00007ff887280000 - 0x00007ff8873af000 	C:\WINDOWS\SYSTEM32\WINHTTP.dll
0x00007ff88c4f0000 - 0x00007ff88c559000 	C:\WINDOWS\system32\mswsock.dll
0x00007ff86da30000 - 0x00007ff86da44000 	C:\Program Files\Android\Android Studio\jre\bin\nio.dll
0x00007ff8671a0000 - 0x00007ff8671c7000 	C:\Users\Ideapad\.gradle\native\e1d6ef7f7dcc3fd88c89a11ec53ec762bb8ba0a96d01ffa2cd45eb1d1d8dd5c5\windows-amd64\native-platform.dll
0x00007ff852be0000 - 0x00007ff852d24000 	C:\Users\Ideapad\.gradle\native\5664cfc778a61ccfe75a443a1ab52a65af34e5dc3c78e0209fed803814484fcb\windows-amd64\native-platform-file-events.dll
0x00007ff884a90000 - 0x00007ff884a9a000 	C:\Program Files\Android\Android Studio\jre\bin\management.dll
0x00007ff884a20000 - 0x00007ff884a2d000 	C:\Program Files\Android\Android Studio\jre\bin\management_ext.dll
0x00007ff88c740000 - 0x00007ff88c75b000 	C:\WINDOWS\SYSTEM32\CRYPTSP.dll
0x00007ff88c010000 - 0x00007ff88c045000 	C:\WINDOWS\system32\rsaenh.dll
0x00007ff88c5f0000 - 0x00007ff88c618000 	C:\WINDOWS\SYSTEM32\USERENV.dll
0x00007ff88c900000 - 0x00007ff88c928000 	C:\WINDOWS\SYSTEM32\bcrypt.dll
0x00007ff88c760000 - 0x00007ff88c76c000 	C:\WINDOWS\SYSTEM32\CRYPTBASE.dll
0x00007ff88bb70000 - 0x00007ff88bb9d000 	C:\WINDOWS\SYSTEM32\IPHLPAPI.DLL
0x00007ff88e430000 - 0x00007ff88e439000 	C:\WINDOWS\System32\NSI.dll
0x00007ff887170000 - 0x00007ff887189000 	C:\WINDOWS\SYSTEM32\dhcpcsvc6.DLL
0x00007ff887110000 - 0x00007ff88712f000 	C:\WINDOWS\SYSTEM32\dhcpcsvc.DLL
0x00007ff88bba0000 - 0x00007ff88bc92000 	C:\WINDOWS\SYSTEM32\DNSAPI.dll
0x00007ff88c0c0000 - 0x00007ff88c0f4000 	C:\WINDOWS\SYSTEM32\ntmarta.dll
0x00007ff867200000 - 0x00007ff86721e000 	C:\Users\Ideapad\AppData\Local\Temp\native-platform2238758172595255719dir\native-platform.dll
0x00007ff888610000 - 0x00007ff888618000 	C:\Program Files\Android\Android Studio\jre\bin\rmi.dll
0x00007ff85df50000 - 0x00007ff85df77000 	C:\Program Files\Android\Android Studio\jre\bin\sunec.dll

dbghelp: loaded successfully - version: 4.0.5 - missing functions: none
symbol engine: initialized successfully - sym options: 0x614 - pdb path: .;C:\Program Files\Android\Android Studio\jre\bin;C:\WINDOWS\SYSTEM32;C:\WINDOWS\WinSxS\amd64_microsoft.windows.common-controls_6595b64144ccf1df_6.0.22598.1_none_5f058c2d9dc925ef;C:\Program Files\Android\Android Studio\jre\bin\server;C:\Users\Ideapad\.gradle\native\e1d6ef7f7dcc3fd88c89a11ec53ec762bb8ba0a96d01ffa2cd45eb1d1d8dd5c5\windows-amd64;C:\Users\Ideapad\.gradle\native\5664cfc778a61ccfe75a443a1ab52a65af34e5dc3c78e0209fed803814484fcb\windows-amd64;C:\Users\Ideapad\AppData\Local\Temp\native-platform2238758172595255719dir

VM Arguments:
jvm_args: --add-opens=java.base/java.util=ALL-UNNAMED --add-opens=java.base/java.lang=ALL-UNNAMED --add-opens=java.base/java.lang.invoke=ALL-UNNAMED --add-opens=java.base/java.util=ALL-UNNAMED --add-opens=java.prefs/java.util.prefs=ALL-UNNAMED --add-opens=java.prefs/java.util.prefs=ALL-UNNAMED --add-opens=java.base/java.nio.charset=ALL-UNNAMED --add-opens=java.base/java.net=ALL-UNNAMED --add-opens=java.base/java.util.concurrent.atomic=ALL-UNNAMED -Xmx2048m -Dfile.encoding=UTF-8 -Duser.country=US -Duser.language=en -Duser.variant 
java_command: org.gradle.launcher.daemon.bootstrap.GradleDaemon 7.2
java_class_path (initial): C:\Users\Ideapad\.gradle\wrapper\dists\gradle-7.2-bin\2dnblmf4td7x66yl1d74lt32g\gradle-7.2\lib\gradle-launcher-7.2.jar
Launcher Type: SUN_STANDARD

[Global flags]
     intx CICompilerCount                          = 2                                         {product} {ergonomic}
     uint ConcGCThreads                            = 1                                         {product} {ergonomic}
     uint G1ConcRefinementThreads                  = 2                                         {product} {ergonomic}
   size_t G1HeapRegionSize                         = 1048576                                   {product} {ergonomic}
    uintx GCDrainStackTargetSize                   = 64                                        {product} {ergonomic}
   size_t InitialHeapSize                          = 65011712                                  {product} {ergonomic}
   size_t MarkStackSize                            = 4194304                                   {product} {ergonomic}
   size_t MaxHeapSize                              = 2147483648                                {product} {command line}
   size_t MaxNewSize                               = 1287651328                                {product} {ergonomic}
   size_t MinHeapDeltaBytes                        = 1048576                                   {product} {ergonomic}
    uintx NonNMethodCodeHeapSize                   = 5825164                                {pd product} {ergonomic}
    uintx NonProfiledCodeHeapSize                  = 122916538                              {pd product} {ergonomic}
    uintx ProfiledCodeHeapSize                     = 122916538                              {pd product} {ergonomic}
    uintx ReservedCodeCacheSize                    = 251658240                              {pd product} {ergonomic}
     bool SegmentedCodeCache                       = true                                      {product} {ergonomic}
     bool UseCompressedClassPointers               = true                                 {lp64_product} {ergonomic}
     bool UseCompressedOops                        = true                                 {lp64_product} {ergonomic}
     bool UseG1GC                                  = true                                      {product} {ergonomic}
     bool UseLargePagesIndividualAllocation        = false                                  {pd product} {ergonomic}

Logging:
Log output configuration:
 #0: stdout all=warning uptime,level,tags
 #1: stderr all=off uptime,level,tags

Environment Variables:
JAVA_HOME=C:\Program Files\Java\jdk-17.0.2
PATH=C:\Program Files\Common Files\Oracle\Java\javapath;C:\Program Files (x86)\Intel\TXE Components\iCLS\;C:\Program Files\Intel\TXE Components\iCLS\;C:\WINDOWS\system32;C:\WINDOWS;C:\WINDOWS\System32\Wbem;C:\WINDOWS\System32\WindowsPowerShell\v1.0\;C:\WINDOWS\System32\OpenSSH\;C:\Program Files\Intel\TXE Components\DAL\;C:\Program Files (x86)\Intel\TXE Components\DAL\;C:\Program Files\Intel\TXE Components\IPT\;C:\Program Files (x86)\Intel\TXE Components\IPT\;C:\Program Files\maven\bin;C:\Program Files\Git\cmd;C:\Program Files\Java\jdk-17.0.2\bin;C:\Users\Ideapad\AppData\Local\Microsoft\WindowsApps;;C:\Program Files\JetBrains\IntelliJ IDEA Community Edition 2021.3\bin;
USERNAME=Ideapad
OS=Windows_NT
PROCESSOR_IDENTIFIER=Intel64 Family 6 Model 122 Stepping 1, GenuineIntel



---------------  S Y S T E M  ---------------

OS: Windows 10 , 64 bit Build 22598 (10.0.22598.1)
OS uptime: 7 days 22:24 hours

CPU:total 2 (initial active 2) (2 cores per cpu, 1 threads per core) family 6 model 122 stepping 1 microcode 0x34, cmov, cx8, fxsr, mmx, sse, sse2, sse3, ssse3, sse4.1, sse4.2, popcnt, aes, clmul, erms, 3dnowpref, tsc, tscinvbit, sha

Memory: 4k page, system-wide physical 3918M (100M free)
TotalPageFile size 10062M (AvailPageFile size 45M)
current process WorkingSet (physical memory assigned to process): 278M, peak: 439M
current process commit charge ("private bytes"): 574M, peak: 622M

vm_info: OpenJDK 64-Bit Server VM (11.0.11+9-b60-7590822) for windows-amd64 JRE (11.0.11+9-b60-7590822), built on Jul 29 2021 21:43:44 by "builder" with MS VC++ 14.0 (VS2015)

END.
